ERROR - 2022-07-18 17:56:58 --> Column 'JUEGO' cannot be null
CRITICAL - 2022-07-18 17:56:58 --> Column 'JUEGO' cannot be null
in SYSTEMPATH\Database\MySQLi\Connection.php on line 292.
 1 SYSTEMPATH\Database\MySQLi\Connection.php(292): mysqli->query('INSERT INTO `juego` (`JUEGO`, `FECHA`, `CATEGORIA`, `DATOS`, `imagen`) VALUES (NULL, NULL, NULL, NULL, NULL)', 0)
 2 SYSTEMPATH\Database\BaseConnection.php(695): CodeIgniter\Database\MySQLi\Connection->execute('INSERT INTO `juego` (`JUEGO`, `FECHA`, `CATEGORIA`, `DATOS`, `imagen`) VALUES (NULL, NULL, NULL, NULL, NULL)')
 3 SYSTEMPATH\Database\BaseConnection.php(609): CodeIgniter\Database\BaseConnection->simpleQuery('INSERT INTO `juego` (`JUEGO`, `FECHA`, `CATEGORIA`, `DATOS`, `imagen`) VALUES (NULL, NULL, NULL, NULL, NULL)')
 4 SYSTEMPATH\Database\BaseBuilder.php(1904): CodeIgniter\Database\BaseConnection->query('INSERT INTO `juego` (`JUEGO`, `FECHA`, `CATEGORIA`, `DATOS`, `imagen`) VALUES (:JUEGO:, :FECHA:, :CATEGORIA:, :DATOS:, :imagen:)', [...], false)
 5 SYSTEMPATH\Model.php(278): CodeIgniter\Database\BaseBuilder->insert()
 6 SYSTEMPATH\BaseModel.php(738): CodeIgniter\Model->doInsert([...])
 7 SYSTEMPATH\Model.php(666): CodeIgniter\BaseModel->insert([...], true)
 8 APPPATH\Controllers\RestJuegos.php(27): CodeIgniter\Model->insert([...])
 9 SYSTEMPATH\CodeIgniter.php(896): App\Controllers\RestJuegos->create()
10 SYSTEMPATH\CodeIgniter.php(466): CodeIgniter\CodeIgniter->runController(Object(App\Controllers\RestJuegos))
11 SYSTEMPATH\CodeIgniter.php(349): CodeIgniter\CodeIgniter->handleRequest(null, Object(Config\Cache), false)
12 FCPATH\index.php(55): CodeIgniter\CodeIgniter->run()
ERROR - 2022-07-18 17:58:48 --> Column 'JUEGO' cannot be null
CRITICAL - 2022-07-18 17:58:48 --> Column 'JUEGO' cannot be null
in SYSTEMPATH\Database\MySQLi\Connection.php on line 292.
 1 SYSTEMPATH\Database\MySQLi\Connection.php(292): mysqli->query('INSERT INTO `juego` (`JUEGO`, `FECHA`, `CATEGORIA`, `DATOS`, `imagen`) VALUES (NULL, NULL, NULL, NULL, NULL)', 0)
 2 SYSTEMPATH\Database\BaseConnection.php(695): CodeIgniter\Database\MySQLi\Connection->execute('INSERT INTO `juego` (`JUEGO`, `FECHA`, `CATEGORIA`, `DATOS`, `imagen`) VALUES (NULL, NULL, NULL, NULL, NULL)')
 3 SYSTEMPATH\Database\BaseConnection.php(609): CodeIgniter\Database\BaseConnection->simpleQuery('INSERT INTO `juego` (`JUEGO`, `FECHA`, `CATEGORIA`, `DATOS`, `imagen`) VALUES (NULL, NULL, NULL, NULL, NULL)')
 4 SYSTEMPATH\Database\BaseBuilder.php(1904): CodeIgniter\Database\BaseConnection->query('INSERT INTO `juego` (`JUEGO`, `FECHA`, `CATEGORIA`, `DATOS`, `imagen`) VALUES (:JUEGO:, :FECHA:, :CATEGORIA:, :DATOS:, :imagen:)', [...], false)
 5 SYSTEMPATH\Model.php(278): CodeIgniter\Database\BaseBuilder->insert()
 6 SYSTEMPATH\BaseModel.php(738): CodeIgniter\Model->doInsert([...])
 7 SYSTEMPATH\Model.php(666): CodeIgniter\BaseModel->insert([...], true)
 8 APPPATH\Controllers\RestJuegos.php(27): CodeIgniter\Model->insert([...])
 9 SYSTEMPATH\CodeIgniter.php(896): App\Controllers\RestJuegos->create()
10 SYSTEMPATH\CodeIgniter.php(466): CodeIgniter\CodeIgniter->runController(Object(App\Controllers\RestJuegos))
11 SYSTEMPATH\CodeIgniter.php(349): CodeIgniter\CodeIgniter->handleRequest(null, Object(Config\Cache), false)
12 FCPATH\index.php(55): CodeIgniter\CodeIgniter->run()
ERROR - 2022-07-18 17:59:57 --> Column 'JUEGO' cannot be null
CRITICAL - 2022-07-18 17:59:57 --> Column 'JUEGO' cannot be null
in SYSTEMPATH\Database\MySQLi\Connection.php on line 292.
 1 SYSTEMPATH\Database\MySQLi\Connection.php(292): mysqli->query('INSERT INTO `juego` (`JUEGO`, `FECHA`, `CATEGORIA`, `DATOS`, `imagen`) VALUES (NULL, NULL, NULL, NULL, NULL)', 0)
 2 SYSTEMPATH\Database\BaseConnection.php(695): CodeIgniter\Database\MySQLi\Connection->execute('INSERT INTO `juego` (`JUEGO`, `FECHA`, `CATEGORIA`, `DATOS`, `imagen`) VALUES (NULL, NULL, NULL, NULL, NULL)')
 3 SYSTEMPATH\Database\BaseConnection.php(609): CodeIgniter\Database\BaseConnection->simpleQuery('INSERT INTO `juego` (`JUEGO`, `FECHA`, `CATEGORIA`, `DATOS`, `imagen`) VALUES (NULL, NULL, NULL, NULL, NULL)')
 4 SYSTEMPATH\Database\BaseBuilder.php(1904): CodeIgniter\Database\BaseConnection->query('INSERT INTO `juego` (`JUEGO`, `FECHA`, `CATEGORIA`, `DATOS`, `imagen`) VALUES (:JUEGO:, :FECHA:, :CATEGORIA:, :DATOS:, :imagen:)', [...], false)
 5 SYSTEMPATH\Model.php(278): CodeIgniter\Database\BaseBuilder->insert()
 6 SYSTEMPATH\BaseModel.php(738): CodeIgniter\Model->doInsert([...])
 7 SYSTEMPATH\Model.php(666): CodeIgniter\BaseModel->insert([...], true)
 8 APPPATH\Controllers\RestJuegos.php(27): CodeIgniter\Model->insert([...])
 9 SYSTEMPATH\CodeIgniter.php(896): App\Controllers\RestJuegos->create()
10 SYSTEMPATH\CodeIgniter.php(466): CodeIgniter\CodeIgniter->runController(Object(App\Controllers\RestJuegos))
11 SYSTEMPATH\CodeIgniter.php(349): CodeIgniter\CodeIgniter->handleRequest(null, Object(Config\Cache), false)
12 FCPATH\index.php(55): CodeIgniter\CodeIgniter->run()
ERROR - 2022-07-18 18:06:02 --> Column 'JUEGO' cannot be null
CRITICAL - 2022-07-18 18:06:02 --> Column 'JUEGO' cannot be null
in SYSTEMPATH\Database\MySQLi\Connection.php on line 292.
 1 SYSTEMPATH\Database\MySQLi\Connection.php(292): mysqli->query('INSERT INTO `juego` (`JUEGO`, `FECHA`, `CATEGORIA`, `DATOS`, `imagen`) VALUES (NULL, NULL, NULL, NULL, NULL)', 0)
 2 SYSTEMPATH\Database\BaseConnection.php(695): CodeIgniter\Database\MySQLi\Connection->execute('INSERT INTO `juego` (`JUEGO`, `FECHA`, `CATEGORIA`, `DATOS`, `imagen`) VALUES (NULL, NULL, NULL, NULL, NULL)')
 3 SYSTEMPATH\Database\BaseConnection.php(609): CodeIgniter\Database\BaseConnection->simpleQuery('INSERT INTO `juego` (`JUEGO`, `FECHA`, `CATEGORIA`, `DATOS`, `imagen`) VALUES (NULL, NULL, NULL, NULL, NULL)')
 4 SYSTEMPATH\Database\BaseBuilder.php(1904): CodeIgniter\Database\BaseConnection->query('INSERT INTO `juego` (`JUEGO`, `FECHA`, `CATEGORIA`, `DATOS`, `imagen`) VALUES (:JUEGO:, :FECHA:, :CATEGORIA:, :DATOS:, :imagen:)', [...], false)
 5 SYSTEMPATH\Model.php(278): CodeIgniter\Database\BaseBuilder->insert()
 6 SYSTEMPATH\BaseModel.php(738): CodeIgniter\Model->doInsert([...])
 7 SYSTEMPATH\Model.php(666): CodeIgniter\BaseModel->insert([...], true)
 8 APPPATH\Controllers\RestJuegos.php(27): CodeIgniter\Model->insert([...])
 9 SYSTEMPATH\CodeIgniter.php(896): App\Controllers\RestJuegos->create()
10 SYSTEMPATH\CodeIgniter.php(466): CodeIgniter\CodeIgniter->runController(Object(App\Controllers\RestJuegos))
11 SYSTEMPATH\CodeIgniter.php(349): CodeIgniter\CodeIgniter->handleRequest(null, Object(Config\Cache), false)
12 FCPATH\index.php(55): CodeIgniter\CodeIgniter->run()
ERROR - 2022-07-18 18:06:27 --> Column 'JUEGO' cannot be null
CRITICAL - 2022-07-18 18:06:27 --> Column 'JUEGO' cannot be null
in SYSTEMPATH\Database\MySQLi\Connection.php on line 292.
 1 SYSTEMPATH\Database\MySQLi\Connection.php(292): mysqli->query('INSERT INTO `juego` (`JUEGO`, `FECHA`, `CATEGORIA`, `DATOS`, `imagen`) VALUES (NULL, NULL, NULL, NULL, NULL)', 0)
 2 SYSTEMPATH\Database\BaseConnection.php(695): CodeIgniter\Database\MySQLi\Connection->execute('INSERT INTO `juego` (`JUEGO`, `FECHA`, `CATEGORIA`, `DATOS`, `imagen`) VALUES (NULL, NULL, NULL, NULL, NULL)')
 3 SYSTEMPATH\Database\BaseConnection.php(609): CodeIgniter\Database\BaseConnection->simpleQuery('INSERT INTO `juego` (`JUEGO`, `FECHA`, `CATEGORIA`, `DATOS`, `imagen`) VALUES (NULL, NULL, NULL, NULL, NULL)')
 4 SYSTEMPATH\Database\BaseBuilder.php(1904): CodeIgniter\Database\BaseConnection->query('INSERT INTO `juego` (`JUEGO`, `FECHA`, `CATEGORIA`, `DATOS`, `imagen`) VALUES (:JUEGO:, :FECHA:, :CATEGORIA:, :DATOS:, :imagen:)', [...], false)
 5 SYSTEMPATH\Model.php(278): CodeIgniter\Database\BaseBuilder->insert()
 6 SYSTEMPATH\BaseModel.php(738): CodeIgniter\Model->doInsert([...])
 7 SYSTEMPATH\Model.php(666): CodeIgniter\BaseModel->insert([...], true)
 8 APPPATH\Controllers\RestJuegos.php(27): CodeIgniter\Model->insert([...])
 9 SYSTEMPATH\CodeIgniter.php(896): App\Controllers\RestJuegos->create()
10 SYSTEMPATH\CodeIgniter.php(466): CodeIgniter\CodeIgniter->runController(Object(App\Controllers\RestJuegos))
11 SYSTEMPATH\CodeIgniter.php(349): CodeIgniter\CodeIgniter->handleRequest(null, Object(Config\Cache), false)
12 FCPATH\index.php(55): CodeIgniter\CodeIgniter->run()
ERROR - 2022-07-18 18:06:45 --> Column 'JUEGO' cannot be null
CRITICAL - 2022-07-18 18:06:45 --> Column 'JUEGO' cannot be null
in SYSTEMPATH\Database\MySQLi\Connection.php on line 292.
 1 SYSTEMPATH\Database\MySQLi\Connection.php(292): mysqli->query('INSERT INTO `juego` (`JUEGO`, `FECHA`, `CATEGORIA`, `DATOS`, `imagen`) VALUES (NULL, NULL, NULL, NULL, NULL)', 0)
 2 SYSTEMPATH\Database\BaseConnection.php(695): CodeIgniter\Database\MySQLi\Connection->execute('INSERT INTO `juego` (`JUEGO`, `FECHA`, `CATEGORIA`, `DATOS`, `imagen`) VALUES (NULL, NULL, NULL, NULL, NULL)')
 3 SYSTEMPATH\Database\BaseConnection.php(609): CodeIgniter\Database\BaseConnection->simpleQuery('INSERT INTO `juego` (`JUEGO`, `FECHA`, `CATEGORIA`, `DATOS`, `imagen`) VALUES (NULL, NULL, NULL, NULL, NULL)')
 4 SYSTEMPATH\Database\BaseBuilder.php(1904): CodeIgniter\Database\BaseConnection->query('INSERT INTO `juego` (`JUEGO`, `FECHA`, `CATEGORIA`, `DATOS`, `imagen`) VALUES (:JUEGO:, :FECHA:, :CATEGORIA:, :DATOS:, :imagen:)', [...], false)
 5 SYSTEMPATH\Model.php(278): CodeIgniter\Database\BaseBuilder->insert()
 6 SYSTEMPATH\BaseModel.php(738): CodeIgniter\Model->doInsert([...])
 7 SYSTEMPATH\Model.php(666): CodeIgniter\BaseModel->insert([...], true)
 8 APPPATH\Controllers\RestJuegos.php(27): CodeIgniter\Model->insert([...])
 9 SYSTEMPATH\CodeIgniter.php(896): App\Controllers\RestJuegos->create()
10 SYSTEMPATH\CodeIgniter.php(466): CodeIgniter\CodeIgniter->runController(Object(App\Controllers\RestJuegos))
11 SYSTEMPATH\CodeIgniter.php(349): CodeIgniter\CodeIgniter->handleRequest(null, Object(Config\Cache), false)
12 FCPATH\index.php(55): CodeIgniter\CodeIgniter->run()
ERROR - 2022-07-18 18:07:27 --> Column 'JUEGO' cannot be null
CRITICAL - 2022-07-18 18:07:27 --> Column 'JUEGO' cannot be null
in SYSTEMPATH\Database\MySQLi\Connection.php on line 292.
 1 SYSTEMPATH\Database\MySQLi\Connection.php(292): mysqli->query('INSERT INTO `juego` (`JUEGO`, `FECHA`, `CATEGORIA`, `DATOS`, `imagen`) VALUES (NULL, NULL, NULL, NULL, NULL)', 0)
 2 SYSTEMPATH\Database\BaseConnection.php(695): CodeIgniter\Database\MySQLi\Connection->execute('INSERT INTO `juego` (`JUEGO`, `FECHA`, `CATEGORIA`, `DATOS`, `imagen`) VALUES (NULL, NULL, NULL, NULL, NULL)')
 3 SYSTEMPATH\Database\BaseConnection.php(609): CodeIgniter\Database\BaseConnection->simpleQuery('INSERT INTO `juego` (`JUEGO`, `FECHA`, `CATEGORIA`, `DATOS`, `imagen`) VALUES (NULL, NULL, NULL, NULL, NULL)')
 4 SYSTEMPATH\Database\BaseBuilder.php(1904): CodeIgniter\Database\BaseConnection->query('INSERT INTO `juego` (`JUEGO`, `FECHA`, `CATEGORIA`, `DATOS`, `imagen`) VALUES (:JUEGO:, :FECHA:, :CATEGORIA:, :DATOS:, :imagen:)', [...], false)
 5 SYSTEMPATH\Model.php(278): CodeIgniter\Database\BaseBuilder->insert()
 6 SYSTEMPATH\BaseModel.php(738): CodeIgniter\Model->doInsert([...])
 7 SYSTEMPATH\Model.php(666): CodeIgniter\BaseModel->insert([...], true)
 8 APPPATH\Controllers\RestJuegos.php(27): CodeIgniter\Model->insert([...])
 9 SYSTEMPATH\CodeIgniter.php(896): App\Controllers\RestJuegos->create()
10 SYSTEMPATH\CodeIgniter.php(466): CodeIgniter\CodeIgniter->runController(Object(App\Controllers\RestJuegos))
11 SYSTEMPATH\CodeIgniter.php(349): CodeIgniter\CodeIgniter->handleRequest(null, Object(Config\Cache), false)
12 FCPATH\index.php(55): CodeIgniter\CodeIgniter->run()
ERROR - 2022-07-18 18:08:33 --> Column 'JUEGO' cannot be null
CRITICAL - 2022-07-18 18:08:33 --> Column 'JUEGO' cannot be null
in SYSTEMPATH\Database\MySQLi\Connection.php on line 292.
 1 SYSTEMPATH\Database\MySQLi\Connection.php(292): mysqli->query('INSERT INTO `juego` (`JUEGO`, `FECHA`, `CATEGORIA`, `DATOS`, `imagen`) VALUES (NULL, NULL, NULL, NULL, NULL)', 0)
 2 SYSTEMPATH\Database\BaseConnection.php(695): CodeIgniter\Database\MySQLi\Connection->execute('INSERT INTO `juego` (`JUEGO`, `FECHA`, `CATEGORIA`, `DATOS`, `imagen`) VALUES (NULL, NULL, NULL, NULL, NULL)')
 3 SYSTEMPATH\Database\BaseConnection.php(609): CodeIgniter\Database\BaseConnection->simpleQuery('INSERT INTO `juego` (`JUEGO`, `FECHA`, `CATEGORIA`, `DATOS`, `imagen`) VALUES (NULL, NULL, NULL, NULL, NULL)')
 4 SYSTEMPATH\Database\BaseBuilder.php(1904): CodeIgniter\Database\BaseConnection->query('INSERT INTO `juego` (`JUEGO`, `FECHA`, `CATEGORIA`, `DATOS`, `imagen`) VALUES (:JUEGO:, :FECHA:, :CATEGORIA:, :DATOS:, :imagen:)', [...], false)
 5 SYSTEMPATH\Model.php(278): CodeIgniter\Database\BaseBuilder->insert()
 6 SYSTEMPATH\BaseModel.php(738): CodeIgniter\Model->doInsert([...])
 7 SYSTEMPATH\Model.php(666): CodeIgniter\BaseModel->insert([...], true)
 8 APPPATH\Controllers\RestJuegos.php(27): CodeIgniter\Model->insert([...])
 9 SYSTEMPATH\CodeIgniter.php(896): App\Controllers\RestJuegos->create()
10 SYSTEMPATH\CodeIgniter.php(466): CodeIgniter\CodeIgniter->runController(Object(App\Controllers\RestJuegos))
11 SYSTEMPATH\CodeIgniter.php(349): CodeIgniter\CodeIgniter->handleRequest(null, Object(Config\Cache), false)
12 FCPATH\index.php(55): CodeIgniter\CodeIgniter->run()
ERROR - 2022-07-18 18:09:46 --> Column 'JUEGO' cannot be null
CRITICAL - 2022-07-18 18:09:46 --> Column 'JUEGO' cannot be null
in SYSTEMPATH\Database\MySQLi\Connection.php on line 292.
 1 SYSTEMPATH\Database\MySQLi\Connection.php(292): mysqli->query('INSERT INTO `juego` (`JUEGO`, `FECHA`, `CATEGORIA`, `DATOS`, `imagen`) VALUES (NULL, NULL, NULL, NULL, NULL)', 0)
 2 SYSTEMPATH\Database\BaseConnection.php(695): CodeIgniter\Database\MySQLi\Connection->execute('INSERT INTO `juego` (`JUEGO`, `FECHA`, `CATEGORIA`, `DATOS`, `imagen`) VALUES (NULL, NULL, NULL, NULL, NULL)')
 3 SYSTEMPATH\Database\BaseConnection.php(609): CodeIgniter\Database\BaseConnection->simpleQuery('INSERT INTO `juego` (`JUEGO`, `FECHA`, `CATEGORIA`, `DATOS`, `imagen`) VALUES (NULL, NULL, NULL, NULL, NULL)')
 4 SYSTEMPATH\Database\BaseBuilder.php(1904): CodeIgniter\Database\BaseConnection->query('INSERT INTO `juego` (`JUEGO`, `FECHA`, `CATEGORIA`, `DATOS`, `imagen`) VALUES (:JUEGO:, :FECHA:, :CATEGORIA:, :DATOS:, :imagen:)', [...], false)
 5 SYSTEMPATH\Model.php(278): CodeIgniter\Database\BaseBuilder->insert()
 6 SYSTEMPATH\BaseModel.php(738): CodeIgniter\Model->doInsert([...])
 7 SYSTEMPATH\Model.php(666): CodeIgniter\BaseModel->insert([...], true)
 8 APPPATH\Controllers\RestJuegos.php(27): CodeIgniter\Model->insert([...])
 9 SYSTEMPATH\CodeIgniter.php(896): App\Controllers\RestJuegos->create()
10 SYSTEMPATH\CodeIgniter.php(466): CodeIgniter\CodeIgniter->runController(Object(App\Controllers\RestJuegos))
11 SYSTEMPATH\CodeIgniter.php(349): CodeIgniter\CodeIgniter->handleRequest(null, Object(Config\Cache), false)
12 FCPATH\index.php(55): CodeIgniter\CodeIgniter->run()
ERROR - 2022-07-18 18:10:36 --> Column 'JUEGO' cannot be null
CRITICAL - 2022-07-18 18:10:36 --> Column 'JUEGO' cannot be null
in SYSTEMPATH\Database\MySQLi\Connection.php on line 292.
 1 SYSTEMPATH\Database\MySQLi\Connection.php(292): mysqli->query('INSERT INTO `juego` (`JUEGO`, `FECHA`, `CATEGORIA`, `DATOS`, `imagen`) VALUES (NULL, NULL, NULL, NULL, NULL)', 0)
 2 SYSTEMPATH\Database\BaseConnection.php(695): CodeIgniter\Database\MySQLi\Connection->execute('INSERT INTO `juego` (`JUEGO`, `FECHA`, `CATEGORIA`, `DATOS`, `imagen`) VALUES (NULL, NULL, NULL, NULL, NULL)')
 3 SYSTEMPATH\Database\BaseConnection.php(609): CodeIgniter\Database\BaseConnection->simpleQuery('INSERT INTO `juego` (`JUEGO`, `FECHA`, `CATEGORIA`, `DATOS`, `imagen`) VALUES (NULL, NULL, NULL, NULL, NULL)')
 4 SYSTEMPATH\Database\BaseBuilder.php(1904): CodeIgniter\Database\BaseConnection->query('INSERT INTO `juego` (`JUEGO`, `FECHA`, `CATEGORIA`, `DATOS`, `imagen`) VALUES (:JUEGO:, :FECHA:, :CATEGORIA:, :DATOS:, :imagen:)', [...], false)
 5 SYSTEMPATH\Model.php(278): CodeIgniter\Database\BaseBuilder->insert()
 6 SYSTEMPATH\BaseModel.php(738): CodeIgniter\Model->doInsert([...])
 7 SYSTEMPATH\Model.php(666): CodeIgniter\BaseModel->insert([...], true)
 8 APPPATH\Controllers\RestJuegos.php(27): CodeIgniter\Model->insert([...])
 9 SYSTEMPATH\CodeIgniter.php(896): App\Controllers\RestJuegos->create()
10 SYSTEMPATH\CodeIgniter.php(466): CodeIgniter\CodeIgniter->runController(Object(App\Controllers\RestJuegos))
11 SYSTEMPATH\CodeIgniter.php(349): CodeIgniter\CodeIgniter->handleRequest(null, Object(Config\Cache), false)
12 FCPATH\index.php(55): CodeIgniter\CodeIgniter->run()
ERROR - 2022-07-18 18:12:09 --> Column 'JUEGO' cannot be null
CRITICAL - 2022-07-18 18:12:09 --> Column 'JUEGO' cannot be null
in SYSTEMPATH\Database\MySQLi\Connection.php on line 292.
 1 SYSTEMPATH\Database\MySQLi\Connection.php(292): mysqli->query('INSERT INTO `juego` (`JUEGO`, `FECHA`, `CATEGORIA`, `DATOS`, `imagen`) VALUES (NULL, NULL, NULL, NULL, NULL)', 0)
 2 SYSTEMPATH\Database\BaseConnection.php(695): CodeIgniter\Database\MySQLi\Connection->execute('INSERT INTO `juego` (`JUEGO`, `FECHA`, `CATEGORIA`, `DATOS`, `imagen`) VALUES (NULL, NULL, NULL, NULL, NULL)')
 3 SYSTEMPATH\Database\BaseConnection.php(609): CodeIgniter\Database\BaseConnection->simpleQuery('INSERT INTO `juego` (`JUEGO`, `FECHA`, `CATEGORIA`, `DATOS`, `imagen`) VALUES (NULL, NULL, NULL, NULL, NULL)')
 4 SYSTEMPATH\Database\BaseBuilder.php(1904): CodeIgniter\Database\BaseConnection->query('INSERT INTO `juego` (`JUEGO`, `FECHA`, `CATEGORIA`, `DATOS`, `imagen`) VALUES (:JUEGO:, :FECHA:, :CATEGORIA:, :DATOS:, :imagen:)', [...], false)
 5 SYSTEMPATH\Model.php(278): CodeIgniter\Database\BaseBuilder->insert()
 6 SYSTEMPATH\BaseModel.php(738): CodeIgniter\Model->doInsert([...])
 7 SYSTEMPATH\Model.php(666): CodeIgniter\BaseModel->insert([...], true)
 8 APPPATH\Controllers\RestJuegos.php(27): CodeIgniter\Model->insert([...])
 9 SYSTEMPATH\CodeIgniter.php(896): App\Controllers\RestJuegos->create()
10 SYSTEMPATH\CodeIgniter.php(466): CodeIgniter\CodeIgniter->runController(Object(App\Controllers\RestJuegos))
11 SYSTEMPATH\CodeIgniter.php(349): CodeIgniter\CodeIgniter->handleRequest(null, Object(Config\Cache), false)
12 FCPATH\index.php(55): CodeIgniter\CodeIgniter->run()
CRITICAL - 2022-07-18 18:23:14 --> Declaration of App\Controllers\RestJuegos::update($id) should be compatible with CodeIgniter\RESTful\ResourceController::update($id = NULL)
in APPPATH\Controllers\RestJuegos.php on line 37.
 1 APPPATH\Controllers\RestJuegos.php(7): CodeIgniter\Debug\Exceptions->errorHandler(2, 'Declaration of App\\Controllers\\RestJuegos::update($id) should be compatible with CodeIgniter\\RESTful\\ResourceController::update($id = NULL)', 'APPPATH\\Controllers\\RestJuegos.php', 37, [...])
 2 SYSTEMPATH\Autoloader\Autoloader.php(284): include_once('APPPATH\\Controllers\\RestJuegos.php')
 3 SYSTEMPATH\Autoloader\Autoloader.php(261): CodeIgniter\Autoloader\Autoloader->includeFile('APPPATH\\Controllers\\RestJuegos.php')
 4 SYSTEMPATH\Autoloader\Autoloader.php(239): CodeIgniter\Autoloader\Autoloader->loadInNamespace('App\\Controllers\\RestJuegos')
 5 [internal function]: CodeIgniter\Autoloader\Autoloader->loadClass('App\\Controllers\\RestJuegos')
 6 [internal function]: spl_autoload_call('App\\Controllers\\RestJuegos')
 7 SYSTEMPATH\CodeIgniter.php(846): class_exists('\\App\\Controllers\\RestJuegos', true)
 8 SYSTEMPATH\CodeIgniter.php(453): CodeIgniter\CodeIgniter->startController()
 9 SYSTEMPATH\CodeIgniter.php(349): CodeIgniter\CodeIgniter->handleRequest(null, Object(Config\Cache), false)
10 FCPATH\index.php(55): CodeIgniter\CodeIgniter->run()
CRITICAL - 2022-07-18 18:23:55 --> Declaration of App\Controllers\RestJuegos::update($id) should be compatible with CodeIgniter\RESTful\ResourceController::update($id = NULL)
in APPPATH\Controllers\RestJuegos.php on line 37.
 1 APPPATH\Controllers\RestJuegos.php(7): CodeIgniter\Debug\Exceptions->errorHandler(2, 'Declaration of App\\Controllers\\RestJuegos::update($id) should be compatible with CodeIgniter\\RESTful\\ResourceController::update($id = NULL)', 'APPPATH\\Controllers\\RestJuegos.php', 37, [...])
 2 SYSTEMPATH\Autoloader\Autoloader.php(284): include_once('APPPATH\\Controllers\\RestJuegos.php')
 3 SYSTEMPATH\Autoloader\Autoloader.php(261): CodeIgniter\Autoloader\Autoloader->includeFile('APPPATH\\Controllers\\RestJuegos.php')
 4 SYSTEMPATH\Autoloader\Autoloader.php(239): CodeIgniter\Autoloader\Autoloader->loadInNamespace('App\\Controllers\\RestJuegos')
 5 [internal function]: CodeIgniter\Autoloader\Autoloader->loadClass('App\\Controllers\\RestJuegos')
 6 [internal function]: spl_autoload_call('App\\Controllers\\RestJuegos')
 7 SYSTEMPATH\CodeIgniter.php(846): class_exists('\\App\\Controllers\\RestJuegos', true)
 8 SYSTEMPATH\CodeIgniter.php(453): CodeIgniter\CodeIgniter->startController()
 9 SYSTEMPATH\CodeIgniter.php(349): CodeIgniter\CodeIgniter->handleRequest(null, Object(Config\Cache), false)
10 FCPATH\index.php(55): CodeIgniter\CodeIgniter->run()
CRITICAL - 2022-07-18 18:30:22 --> Undefined index: JUEGO
in APPPATH\Controllers\RestJuegos.php on line 43.
 1 APPPATH\Controllers\RestJuegos.php(43): CodeIgniter\Debug\Exceptions->errorHandler(8, 'Undefined index: JUEGO', 'APPPATH\\Controllers\\RestJuegos.php', 43, [...])
 2 SYSTEMPATH\CodeIgniter.php(896): App\Controllers\RestJuegos->update('update', '10')
 3 SYSTEMPATH\CodeIgniter.php(466): CodeIgniter\CodeIgniter->runController(Object(App\Controllers\RestJuegos))
 4 SYSTEMPATH\CodeIgniter.php(349): CodeIgniter\CodeIgniter->handleRequest(null, Object(Config\Cache), false)
 5 FCPATH\index.php(55): CodeIgniter\CodeIgniter->run()
CRITICAL - 2022-07-18 18:30:34 --> Undefined index: JUEGO
in APPPATH\Controllers\RestJuegos.php on line 43.
 1 APPPATH\Controllers\RestJuegos.php(43): CodeIgniter\Debug\Exceptions->errorHandler(8, 'Undefined index: JUEGO', 'APPPATH\\Controllers\\RestJuegos.php', 43, [...])
 2 SYSTEMPATH\CodeIgniter.php(896): App\Controllers\RestJuegos->update('update', '10')
 3 SYSTEMPATH\CodeIgniter.php(466): CodeIgniter\CodeIgniter->runController(Object(App\Controllers\RestJuegos))
 4 SYSTEMPATH\CodeIgniter.php(349): CodeIgniter\CodeIgniter->handleRequest(null, Object(Config\Cache), false)
 5 FCPATH\index.php(55): CodeIgniter\CodeIgniter->run()
CRITICAL - 2022-07-18 18:32:14 --> Undefined index: JUEGO
in APPPATH\Controllers\RestJuegos.php on line 43.
 1 APPPATH\Controllers\RestJuegos.php(43): CodeIgniter\Debug\Exceptions->errorHandler(8, 'Undefined index: JUEGO', 'APPPATH\\Controllers\\RestJuegos.php', 43, [...])
 2 SYSTEMPATH\CodeIgniter.php(896): App\Controllers\RestJuegos->update('10')
 3 SYSTEMPATH\CodeIgniter.php(466): CodeIgniter\CodeIgniter->runController(Object(App\Controllers\RestJuegos))
 4 SYSTEMPATH\CodeIgniter.php(349): CodeIgniter\CodeIgniter->handleRequest(null, Object(Config\Cache), false)
 5 FCPATH\index.php(55): CodeIgniter\CodeIgniter->run()
CRITICAL - 2022-07-18 18:32:43 --> Undefined index: imagen
in APPPATH\Controllers\RestJuegos.php on line 47.
 1 APPPATH\Controllers\RestJuegos.php(47): CodeIgniter\Debug\Exceptions->errorHandler(8, 'Undefined index: imagen', 'APPPATH\\Controllers\\RestJuegos.php', 47, [...])
 2 SYSTEMPATH\CodeIgniter.php(896): App\Controllers\RestJuegos->update('2')
 3 SYSTEMPATH\CodeIgniter.php(466): CodeIgniter\CodeIgniter->runController(Object(App\Controllers\RestJuegos))
 4 SYSTEMPATH\CodeIgniter.php(349): CodeIgniter\CodeIgniter->handleRequest(null, Object(Config\Cache), false)
 5 FCPATH\index.php(55): CodeIgniter\CodeIgniter->run()
ERROR - 2022-07-18 19:15:40 --> Column 'JUEGO' cannot be null
CRITICAL - 2022-07-18 19:15:40 --> Column 'JUEGO' cannot be null
in SYSTEMPATH\Database\MySQLi\Connection.php on line 292.
 1 SYSTEMPATH\Database\MySQLi\Connection.php(292): mysqli->query('INSERT INTO `juego` (`JUEGO`, `FECHA`, `CATEGORIA`, `DATOS`, `imagen`) VALUES (NULL, NULL, NULL, NULL, NULL)', 0)
 2 SYSTEMPATH\Database\BaseConnection.php(695): CodeIgniter\Database\MySQLi\Connection->execute('INSERT INTO `juego` (`JUEGO`, `FECHA`, `CATEGORIA`, `DATOS`, `imagen`) VALUES (NULL, NULL, NULL, NULL, NULL)')
 3 SYSTEMPATH\Database\BaseConnection.php(609): CodeIgniter\Database\BaseConnection->simpleQuery('INSERT INTO `juego` (`JUEGO`, `FECHA`, `CATEGORIA`, `DATOS`, `imagen`) VALUES (NULL, NULL, NULL, NULL, NULL)')
 4 SYSTEMPATH\Database\BaseBuilder.php(1904): CodeIgniter\Database\BaseConnection->query('INSERT INTO `juego` (`JUEGO`, `FECHA`, `CATEGORIA`, `DATOS`, `imagen`) VALUES (:JUEGO:, :FECHA:, :CATEGORIA:, :DATOS:, :imagen:)', [...], false)
 5 SYSTEMPATH\Model.php(278): CodeIgniter\Database\BaseBuilder->insert()
 6 SYSTEMPATH\BaseModel.php(738): CodeIgniter\Model->doInsert([...])
 7 SYSTEMPATH\Model.php(666): CodeIgniter\BaseModel->insert([...], true)
 8 APPPATH\Controllers\RestJuegos.php(27): CodeIgniter\Model->insert([...])
 9 SYSTEMPATH\CodeIgniter.php(896): App\Controllers\RestJuegos->create()
10 SYSTEMPATH\CodeIgniter.php(466): CodeIgniter\CodeIgniter->runController(Object(App\Controllers\RestJuegos))
11 SYSTEMPATH\CodeIgniter.php(349): CodeIgniter\CodeIgniter->handleRequest(null, Object(Config\Cache), false)
12 FCPATH\index.php(55): CodeIgniter\CodeIgniter->run()
CRITICAL - 2022-07-18 19:33:52 --> Call to undefined method App\Models\JuegoModel::delet
in SYSTEMPATH\Model.php on line 773.
 1 APPPATH\Controllers\RestJuegos.php(69): CodeIgniter\Model->__call('delet', [...])
 2 SYSTEMPATH\CodeIgniter.php(896): App\Controllers\RestJuegos->delete('52')
 3 SYSTEMPATH\CodeIgniter.php(466): CodeIgniter\CodeIgniter->runController(Object(App\Controllers\RestJuegos))
 4 SYSTEMPATH\CodeIgniter.php(349): CodeIgniter\CodeIgniter->handleRequest(null, Object(Config\Cache), false)
 5 FCPATH\index.php(55): CodeIgniter\CodeIgniter->run()
CRITICAL - 2022-07-18 19:35:01 --> Call to a member function update() on array
in APPPATH\Controllers\RestJuegos.php on line 48.
 1 SYSTEMPATH\CodeIgniter.php(896): App\Controllers\RestJuegos->update('52')
 2 SYSTEMPATH\CodeIgniter.php(466): CodeIgniter\CodeIgniter->runController(Object(App\Controllers\RestJuegos))
 3 SYSTEMPATH\CodeIgniter.php(349): CodeIgniter\CodeIgniter->handleRequest(null, Object(Config\Cache), false)
 4 FCPATH\index.php(55): CodeIgniter\CodeIgniter->run()
CRITICAL - 2022-07-18 19:35:06 --> Call to undefined method App\Models\JuegoModel::delet
in SYSTEMPATH\Model.php on line 773.
 1 APPPATH\Controllers\RestJuegos.php(69): CodeIgniter\Model->__call('delet', [...])
 2 SYSTEMPATH\CodeIgniter.php(896): App\Controllers\RestJuegos->delete('52')
 3 SYSTEMPATH\CodeIgniter.php(466): CodeIgniter\CodeIgniter->runController(Object(App\Controllers\RestJuegos))
 4 SYSTEMPATH\CodeIgniter.php(349): CodeIgniter\CodeIgniter->handleRequest(null, Object(Config\Cache), false)
 5 FCPATH\index.php(55): CodeIgniter\CodeIgniter->run()
CRITICAL - 2022-07-18 19:40:45 --> Cannot redeclare App\Controllers\RestJuegos::show()
in APPPATH\Controllers\RestJuegos.php on line 36.
 1 [internal function]: CodeIgniter\Debug\Exceptions->shutdownHandler()
