CRITICAL - 2022-07-17 17:18:05 --> Call to undefined method CodeIgniter\Router\RouteCollection::resourse()
in APPPATH\Config\Routes.php on line 39.
 1 SYSTEMPATH\CodeIgniter.php(758): require()
 2 SYSTEMPATH\CodeIgniter.php(415): CodeIgniter\CodeIgniter->tryToRouteIt(Object(CodeIgniter\Router\RouteCollection))
 3 SYSTEMPATH\CodeIgniter.php(349): CodeIgniter\CodeIgniter->handleRequest(null, Object(Config\Cache), false)
 4 FCPATH\index.php(55): CodeIgniter\CodeIgniter->run()
CRITICAL - 2022-07-17 17:19:01 --> Call to undefined method CodeIgniter\Router\RouteCollection::resourse()
in APPPATH\Config\Routes.php on line 39.
 1 SYSTEMPATH\CodeIgniter.php(758): require()
 2 SYSTEMPATH\CodeIgniter.php(415): CodeIgniter\CodeIgniter->tryToRouteIt(Object(CodeIgniter\Router\RouteCollection))
 3 SYSTEMPATH\CodeIgniter.php(349): CodeIgniter\CodeIgniter->handleRequest(null, Object(Config\Cache), false)
 4 FCPATH\index.php(55): CodeIgniter\CodeIgniter->run()
CRITICAL - 2022-07-17 17:24:03 --> Call to undefined method CodeIgniter\Router\RouteCollection::resourse()
in APPPATH\Config\Routes.php on line 39.
 1 SYSTEMPATH\CodeIgniter.php(758): require()
 2 SYSTEMPATH\CodeIgniter.php(415): CodeIgniter\CodeIgniter->tryToRouteIt(Object(CodeIgniter\Router\RouteCollection))
 3 SYSTEMPATH\CodeIgniter.php(349): CodeIgniter\CodeIgniter->handleRequest(null, Object(Config\Cache), false)
 4 FCPATH\index.php(55): CodeIgniter\CodeIgniter->run()
CRITICAL - 2022-07-17 17:24:32 --> Call to undefined method CodeIgniter\Router\RouteCollection::resourse()
in APPPATH\Config\Routes.php on line 39.
 1 SYSTEMPATH\CodeIgniter.php(758): require()
 2 SYSTEMPATH\CodeIgniter.php(415): CodeIgniter\CodeIgniter->tryToRouteIt(Object(CodeIgniter\Router\RouteCollection))
 3 SYSTEMPATH\CodeIgniter.php(349): CodeIgniter\CodeIgniter->handleRequest(null, Object(Config\Cache), false)
 4 FCPATH\index.php(55): CodeIgniter\CodeIgniter->run()
CRITICAL - 2022-07-17 17:26:01 --> Call to undefined method CodeIgniter\Router\RouteCollection::resourse()
in APPPATH\Config\Routes.php on line 39.
 1 SYSTEMPATH\CodeIgniter.php(758): require()
 2 SYSTEMPATH\CodeIgniter.php(415): CodeIgniter\CodeIgniter->tryToRouteIt(Object(CodeIgniter\Router\RouteCollection))
 3 SYSTEMPATH\CodeIgniter.php(349): CodeIgniter\CodeIgniter->handleRequest(null, Object(Config\Cache), false)
 4 FCPATH\index.php(55): CodeIgniter\CodeIgniter->run()
CRITICAL - 2022-07-17 17:26:25 --> Call to undefined method CodeIgniter\Router\RouteCollection::resourse()
in APPPATH\Config\Routes.php on line 39.
 1 SYSTEMPATH\CodeIgniter.php(758): require()
 2 SYSTEMPATH\CodeIgniter.php(415): CodeIgniter\CodeIgniter->tryToRouteIt(Object(CodeIgniter\Router\RouteCollection))
 3 SYSTEMPATH\CodeIgniter.php(349): CodeIgniter\CodeIgniter->handleRequest(null, Object(Config\Cache), false)
 4 FCPATH\index.php(55): CodeIgniter\CodeIgniter->run()
CRITICAL - 2022-07-17 18:03:38 --> Call to undefined method CodeIgniter\Router\RouteCollection::resourse()
in APPPATH\Config\Routes.php on line 39.
 1 SYSTEMPATH\CodeIgniter.php(758): require()
 2 SYSTEMPATH\CodeIgniter.php(415): CodeIgniter\CodeIgniter->tryToRouteIt(Object(CodeIgniter\Router\RouteCollection))
 3 SYSTEMPATH\CodeIgniter.php(349): CodeIgniter\CodeIgniter->handleRequest(null, Object(Config\Cache), false)
 4 FCPATH\index.php(55): CodeIgniter\CodeIgniter->run()
CRITICAL - 2022-07-17 18:03:47 --> Call to undefined method CodeIgniter\Router\RouteCollection::resources()
in APPPATH\Config\Routes.php on line 39.
 1 SYSTEMPATH\CodeIgniter.php(758): require()
 2 SYSTEMPATH\CodeIgniter.php(415): CodeIgniter\CodeIgniter->tryToRouteIt(Object(CodeIgniter\Router\RouteCollection))
 3 SYSTEMPATH\CodeIgniter.php(349): CodeIgniter\CodeIgniter->handleRequest(null, Object(Config\Cache), false)
 4 FCPATH\index.php(55): CodeIgniter\CodeIgniter->run()
CRITICAL - 2022-07-17 18:17:31 --> syntax error, unexpected 'Trait' (T_TRAIT), expecting identifier (T_STRING) or '{'
in APPPATH\Controllers\RestJuegos.php on line 4.
 1 SYSTEMPATH\Autoloader\Autoloader.php(261): CodeIgniter\Autoloader\Autoloader->includeFile('APPPATH\\Controllers\\RestJuegos.php')
 2 SYSTEMPATH\Autoloader\Autoloader.php(239): CodeIgniter\Autoloader\Autoloader->loadInNamespace('App\\Controllers\\Restjuegos')
 3 [internal function]: CodeIgniter\Autoloader\Autoloader->loadClass('App\\Controllers\\Restjuegos')
 4 [internal function]: spl_autoload_call('App\\Controllers\\Restjuegos')
 5 SYSTEMPATH\CodeIgniter.php(846): class_exists('\\App\\Controllers\\Restjuegos', true)
 6 SYSTEMPATH\CodeIgniter.php(453): CodeIgniter\CodeIgniter->startController()
 7 SYSTEMPATH\CodeIgniter.php(349): CodeIgniter\CodeIgniter->handleRequest(null, Object(Config\Cache), false)
 8 FCPATH\index.php(55): CodeIgniter\CodeIgniter->run()
CRITICAL - 2022-07-17 18:18:07 --> Trait 'App\Controllers\ResponseTrait' not found
in APPPATH\Controllers\RestJuegos.php on line 7.
 1 [internal function]: CodeIgniter\Debug\Exceptions->shutdownHandler()
CRITICAL - 2022-07-17 18:22:58 --> syntax error, unexpected '$juego' (T_VARIABLE), expecting ';' or '{'
in APPPATH\Controllers\RestJuegos.php on line 15.
 1 SYSTEMPATH\Autoloader\Autoloader.php(261): CodeIgniter\Autoloader\Autoloader->includeFile('APPPATH\\Controllers\\RestJuegos.php')
 2 SYSTEMPATH\Autoloader\Autoloader.php(239): CodeIgniter\Autoloader\Autoloader->loadInNamespace('App\\Controllers\\Restjuegos')
 3 [internal function]: CodeIgniter\Autoloader\Autoloader->loadClass('App\\Controllers\\Restjuegos')
 4 [internal function]: spl_autoload_call('App\\Controllers\\Restjuegos')
 5 SYSTEMPATH\CodeIgniter.php(846): class_exists('\\App\\Controllers\\Restjuegos', true)
 6 SYSTEMPATH\CodeIgniter.php(453): CodeIgniter\CodeIgniter->startController()
 7 SYSTEMPATH\CodeIgniter.php(349): CodeIgniter\CodeIgniter->handleRequest(null, Object(Config\Cache), false)
 8 FCPATH\index.php(55): CodeIgniter\CodeIgniter->run()
CRITICAL - 2022-07-17 18:27:56 --> Call to a member function findAll() on null
in APPPATH\Controllers\RestJuegos.php on line 15.
 1 SYSTEMPATH\CodeIgniter.php(896): App\Controllers\RestJuegos->index()
 2 SYSTEMPATH\CodeIgniter.php(466): CodeIgniter\CodeIgniter->runController(Object(App\Controllers\RestJuegos))
 3 SYSTEMPATH\CodeIgniter.php(349): CodeIgniter\CodeIgniter->handleRequest(null, Object(Config\Cache), false)
 4 FCPATH\index.php(55): CodeIgniter\CodeIgniter->run()
CRITICAL - 2022-07-17 18:27:59 --> Call to a member function findAll() on null
in APPPATH\Controllers\RestJuegos.php on line 15.
 1 SYSTEMPATH\CodeIgniter.php(896): App\Controllers\RestJuegos->index()
 2 SYSTEMPATH\CodeIgniter.php(466): CodeIgniter\CodeIgniter->runController(Object(App\Controllers\RestJuegos))
 3 SYSTEMPATH\CodeIgniter.php(349): CodeIgniter\CodeIgniter->handleRequest(null, Object(Config\Cache), false)
 4 FCPATH\index.php(55): CodeIgniter\CodeIgniter->run()
ERROR - 2022-07-17 19:20:37 --> Column 'JUEGO' cannot be null
CRITICAL - 2022-07-17 19:20:37 --> Column 'JUEGO' cannot be null
in SYSTEMPATH\Database\MySQLi\Connection.php on line 292.
 1 SYSTEMPATH\Database\MySQLi\Connection.php(292): mysqli->query('INSERT INTO `juego` (`JUEGO`, `FECHA`, `CATEGORIA`, `DATOS`, `imagen`) VALUES (NULL, NULL, NULL, NULL, NULL)', 0)
 2 SYSTEMPATH\Database\BaseConnection.php(695): CodeIgniter\Database\MySQLi\Connection->execute('INSERT INTO `juego` (`JUEGO`, `FECHA`, `CATEGORIA`, `DATOS`, `imagen`) VALUES (NULL, NULL, NULL, NULL, NULL)')
 3 SYSTEMPATH\Database\BaseConnection.php(609): CodeIgniter\Database\BaseConnection->simpleQuery('INSERT INTO `juego` (`JUEGO`, `FECHA`, `CATEGORIA`, `DATOS`, `imagen`) VALUES (NULL, NULL, NULL, NULL, NULL)')
 4 SYSTEMPATH\Database\BaseBuilder.php(1904): CodeIgniter\Database\BaseConnection->query('INSERT INTO `juego` (`JUEGO`, `FECHA`, `CATEGORIA`, `DATOS`, `imagen`) VALUES (:JUEGO:, :FECHA:, :CATEGORIA:, :DATOS:, :imagen:)', [...], false)
 5 SYSTEMPATH\Model.php(278): CodeIgniter\Database\BaseBuilder->insert()
 6 SYSTEMPATH\BaseModel.php(738): CodeIgniter\Model->doInsert([...])
 7 SYSTEMPATH\Model.php(666): CodeIgniter\BaseModel->insert([...], true)
 8 APPPATH\Controllers\RestJuegos.php(29): CodeIgniter\Model->insert([...])
 9 SYSTEMPATH\CodeIgniter.php(896): App\Controllers\RestJuegos->create()
10 SYSTEMPATH\CodeIgniter.php(466): CodeIgniter\CodeIgniter->runController(Object(App\Controllers\RestJuegos))
11 SYSTEMPATH\CodeIgniter.php(349): CodeIgniter\CodeIgniter->handleRequest(null, Object(Config\Cache), false)
12 FCPATH\index.php(55): CodeIgniter\CodeIgniter->run()
ERROR - 2022-07-17 19:21:39 --> Column 'JUEGO' cannot be null
CRITICAL - 2022-07-17 19:21:39 --> Column 'JUEGO' cannot be null
in SYSTEMPATH\Database\MySQLi\Connection.php on line 292.
 1 SYSTEMPATH\Database\MySQLi\Connection.php(292): mysqli->query('INSERT INTO `juego` (`JUEGO`, `FECHA`, `CATEGORIA`, `DATOS`, `imagen`) VALUES (NULL, NULL, NULL, NULL, NULL)', 0)
 2 SYSTEMPATH\Database\BaseConnection.php(695): CodeIgniter\Database\MySQLi\Connection->execute('INSERT INTO `juego` (`JUEGO`, `FECHA`, `CATEGORIA`, `DATOS`, `imagen`) VALUES (NULL, NULL, NULL, NULL, NULL)')
 3 SYSTEMPATH\Database\BaseConnection.php(609): CodeIgniter\Database\BaseConnection->simpleQuery('INSERT INTO `juego` (`JUEGO`, `FECHA`, `CATEGORIA`, `DATOS`, `imagen`) VALUES (NULL, NULL, NULL, NULL, NULL)')
 4 SYSTEMPATH\Database\BaseBuilder.php(1904): CodeIgniter\Database\BaseConnection->query('INSERT INTO `juego` (`JUEGO`, `FECHA`, `CATEGORIA`, `DATOS`, `imagen`) VALUES (:JUEGO:, :FECHA:, :CATEGORIA:, :DATOS:, :imagen:)', [...], false)
 5 SYSTEMPATH\Model.php(278): CodeIgniter\Database\BaseBuilder->insert()
 6 SYSTEMPATH\BaseModel.php(738): CodeIgniter\Model->doInsert([...])
 7 SYSTEMPATH\Model.php(666): CodeIgniter\BaseModel->insert([...], true)
 8 APPPATH\Controllers\RestJuegos.php(29): CodeIgniter\Model->insert([...])
 9 SYSTEMPATH\CodeIgniter.php(896): App\Controllers\RestJuegos->create()
10 SYSTEMPATH\CodeIgniter.php(466): CodeIgniter\CodeIgniter->runController(Object(App\Controllers\RestJuegos))
11 SYSTEMPATH\CodeIgniter.php(349): CodeIgniter\CodeIgniter->handleRequest(null, Object(Config\Cache), false)
12 FCPATH\index.php(55): CodeIgniter\CodeIgniter->run()
ERROR - 2022-07-17 19:22:15 --> Column 'JUEGO' cannot be null
CRITICAL - 2022-07-17 19:22:15 --> Column 'JUEGO' cannot be null
in SYSTEMPATH\Database\MySQLi\Connection.php on line 292.
 1 SYSTEMPATH\Database\MySQLi\Connection.php(292): mysqli->query('INSERT INTO `juego` (`JUEGO`, `FECHA`, `CATEGORIA`, `DATOS`, `imagen`) VALUES (NULL, NULL, NULL, NULL, NULL)', 0)
 2 SYSTEMPATH\Database\BaseConnection.php(695): CodeIgniter\Database\MySQLi\Connection->execute('INSERT INTO `juego` (`JUEGO`, `FECHA`, `CATEGORIA`, `DATOS`, `imagen`) VALUES (NULL, NULL, NULL, NULL, NULL)')
 3 SYSTEMPATH\Database\BaseConnection.php(609): CodeIgniter\Database\BaseConnection->simpleQuery('INSERT INTO `juego` (`JUEGO`, `FECHA`, `CATEGORIA`, `DATOS`, `imagen`) VALUES (NULL, NULL, NULL, NULL, NULL)')
 4 SYSTEMPATH\Database\BaseBuilder.php(1904): CodeIgniter\Database\BaseConnection->query('INSERT INTO `juego` (`JUEGO`, `FECHA`, `CATEGORIA`, `DATOS`, `imagen`) VALUES (:JUEGO:, :FECHA:, :CATEGORIA:, :DATOS:, :imagen:)', [...], false)
 5 SYSTEMPATH\Model.php(278): CodeIgniter\Database\BaseBuilder->insert()
 6 SYSTEMPATH\BaseModel.php(738): CodeIgniter\Model->doInsert([...])
 7 SYSTEMPATH\Model.php(666): CodeIgniter\BaseModel->insert([...], true)
 8 APPPATH\Controllers\RestJuegos.php(29): CodeIgniter\Model->insert([...])
 9 SYSTEMPATH\CodeIgniter.php(896): App\Controllers\RestJuegos->create()
10 SYSTEMPATH\CodeIgniter.php(466): CodeIgniter\CodeIgniter->runController(Object(App\Controllers\RestJuegos))
11 SYSTEMPATH\CodeIgniter.php(349): CodeIgniter\CodeIgniter->handleRequest(null, Object(Config\Cache), false)
12 FCPATH\index.php(55): CodeIgniter\CodeIgniter->run()
ERROR - 2022-07-17 19:23:02 --> Column 'JUEGO' cannot be null
CRITICAL - 2022-07-17 19:23:02 --> Column 'JUEGO' cannot be null
in SYSTEMPATH\Database\MySQLi\Connection.php on line 292.
 1 SYSTEMPATH\Database\MySQLi\Connection.php(292): mysqli->query('INSERT INTO `juego` (`JUEGO`, `FECHA`, `CATEGORIA`, `DATOS`, `imagen`) VALUES (NULL, NULL, NULL, NULL, NULL)', 0)
 2 SYSTEMPATH\Database\BaseConnection.php(695): CodeIgniter\Database\MySQLi\Connection->execute('INSERT INTO `juego` (`JUEGO`, `FECHA`, `CATEGORIA`, `DATOS`, `imagen`) VALUES (NULL, NULL, NULL, NULL, NULL)')
 3 SYSTEMPATH\Database\BaseConnection.php(609): CodeIgniter\Database\BaseConnection->simpleQuery('INSERT INTO `juego` (`JUEGO`, `FECHA`, `CATEGORIA`, `DATOS`, `imagen`) VALUES (NULL, NULL, NULL, NULL, NULL)')
 4 SYSTEMPATH\Database\BaseBuilder.php(1904): CodeIgniter\Database\BaseConnection->query('INSERT INTO `juego` (`JUEGO`, `FECHA`, `CATEGORIA`, `DATOS`, `imagen`) VALUES (:JUEGO:, :FECHA:, :CATEGORIA:, :DATOS:, :imagen:)', [...], false)
 5 SYSTEMPATH\Model.php(278): CodeIgniter\Database\BaseBuilder->insert()
 6 SYSTEMPATH\BaseModel.php(738): CodeIgniter\Model->doInsert([...])
 7 SYSTEMPATH\Model.php(666): CodeIgniter\BaseModel->insert([...], true)
 8 APPPATH\Controllers\RestJuegos.php(29): CodeIgniter\Model->insert([...])
 9 SYSTEMPATH\CodeIgniter.php(896): App\Controllers\RestJuegos->create()
10 SYSTEMPATH\CodeIgniter.php(466): CodeIgniter\CodeIgniter->runController(Object(App\Controllers\RestJuegos))
11 SYSTEMPATH\CodeIgniter.php(349): CodeIgniter\CodeIgniter->handleRequest(null, Object(Config\Cache), false)
12 FCPATH\index.php(55): CodeIgniter\CodeIgniter->run()
ERROR - 2022-07-17 19:23:23 --> Column 'JUEGO' cannot be null
CRITICAL - 2022-07-17 19:23:23 --> Column 'JUEGO' cannot be null
in SYSTEMPATH\Database\MySQLi\Connection.php on line 292.
 1 SYSTEMPATH\Database\MySQLi\Connection.php(292): mysqli->query('INSERT INTO `juego` (`JUEGO`, `FECHA`, `CATEGORIA`, `DATOS`, `imagen`) VALUES (NULL, NULL, NULL, NULL, NULL)', 0)
 2 SYSTEMPATH\Database\BaseConnection.php(695): CodeIgniter\Database\MySQLi\Connection->execute('INSERT INTO `juego` (`JUEGO`, `FECHA`, `CATEGORIA`, `DATOS`, `imagen`) VALUES (NULL, NULL, NULL, NULL, NULL)')
 3 SYSTEMPATH\Database\BaseConnection.php(609): CodeIgniter\Database\BaseConnection->simpleQuery('INSERT INTO `juego` (`JUEGO`, `FECHA`, `CATEGORIA`, `DATOS`, `imagen`) VALUES (NULL, NULL, NULL, NULL, NULL)')
 4 SYSTEMPATH\Database\BaseBuilder.php(1904): CodeIgniter\Database\BaseConnection->query('INSERT INTO `juego` (`JUEGO`, `FECHA`, `CATEGORIA`, `DATOS`, `imagen`) VALUES (:JUEGO:, :FECHA:, :CATEGORIA:, :DATOS:, :imagen:)', [...], false)
 5 SYSTEMPATH\Model.php(278): CodeIgniter\Database\BaseBuilder->insert()
 6 SYSTEMPATH\BaseModel.php(738): CodeIgniter\Model->doInsert([...])
 7 SYSTEMPATH\Model.php(666): CodeIgniter\BaseModel->insert([...], true)
 8 APPPATH\Controllers\RestJuegos.php(29): CodeIgniter\Model->insert([...])
 9 SYSTEMPATH\CodeIgniter.php(896): App\Controllers\RestJuegos->create()
10 SYSTEMPATH\CodeIgniter.php(466): CodeIgniter\CodeIgniter->runController(Object(App\Controllers\RestJuegos))
11 SYSTEMPATH\CodeIgniter.php(349): CodeIgniter\CodeIgniter->handleRequest(null, Object(Config\Cache), false)
12 FCPATH\index.php(55): CodeIgniter\CodeIgniter->run()
ERROR - 2022-07-17 19:24:17 --> Column 'JUEGO' cannot be null
CRITICAL - 2022-07-17 19:24:17 --> Column 'JUEGO' cannot be null
in SYSTEMPATH\Database\MySQLi\Connection.php on line 292.
 1 SYSTEMPATH\Database\MySQLi\Connection.php(292): mysqli->query('INSERT INTO `juego` (`JUEGO`, `FECHA`, `CATEGORIA`, `DATOS`, `imagen`) VALUES (NULL, NULL, NULL, NULL, NULL)', 0)
 2 SYSTEMPATH\Database\BaseConnection.php(695): CodeIgniter\Database\MySQLi\Connection->execute('INSERT INTO `juego` (`JUEGO`, `FECHA`, `CATEGORIA`, `DATOS`, `imagen`) VALUES (NULL, NULL, NULL, NULL, NULL)')
 3 SYSTEMPATH\Database\BaseConnection.php(609): CodeIgniter\Database\BaseConnection->simpleQuery('INSERT INTO `juego` (`JUEGO`, `FECHA`, `CATEGORIA`, `DATOS`, `imagen`) VALUES (NULL, NULL, NULL, NULL, NULL)')
 4 SYSTEMPATH\Database\BaseBuilder.php(1904): CodeIgniter\Database\BaseConnection->query('INSERT INTO `juego` (`JUEGO`, `FECHA`, `CATEGORIA`, `DATOS`, `imagen`) VALUES (:JUEGO:, :FECHA:, :CATEGORIA:, :DATOS:, :imagen:)', [...], false)
 5 SYSTEMPATH\Model.php(278): CodeIgniter\Database\BaseBuilder->insert()
 6 SYSTEMPATH\BaseModel.php(738): CodeIgniter\Model->doInsert([...])
 7 SYSTEMPATH\Model.php(666): CodeIgniter\BaseModel->insert([...], true)
 8 APPPATH\Controllers\RestJuegos.php(29): CodeIgniter\Model->insert([...])
 9 SYSTEMPATH\CodeIgniter.php(896): App\Controllers\RestJuegos->create()
10 SYSTEMPATH\CodeIgniter.php(466): CodeIgniter\CodeIgniter->runController(Object(App\Controllers\RestJuegos))
11 SYSTEMPATH\CodeIgniter.php(349): CodeIgniter\CodeIgniter->handleRequest(null, Object(Config\Cache), false)
12 FCPATH\index.php(55): CodeIgniter\CodeIgniter->run()
ERROR - 2022-07-17 19:24:37 --> Column 'JUEGO' cannot be null
CRITICAL - 2022-07-17 19:24:37 --> Column 'JUEGO' cannot be null
in SYSTEMPATH\Database\MySQLi\Connection.php on line 292.
 1 SYSTEMPATH\Database\MySQLi\Connection.php(292): mysqli->query('INSERT INTO `juego` (`JUEGO`, `FECHA`, `CATEGORIA`, `DATOS`, `imagen`) VALUES (NULL, NULL, NULL, NULL, NULL)', 0)
 2 SYSTEMPATH\Database\BaseConnection.php(695): CodeIgniter\Database\MySQLi\Connection->execute('INSERT INTO `juego` (`JUEGO`, `FECHA`, `CATEGORIA`, `DATOS`, `imagen`) VALUES (NULL, NULL, NULL, NULL, NULL)')
 3 SYSTEMPATH\Database\BaseConnection.php(609): CodeIgniter\Database\BaseConnection->simpleQuery('INSERT INTO `juego` (`JUEGO`, `FECHA`, `CATEGORIA`, `DATOS`, `imagen`) VALUES (NULL, NULL, NULL, NULL, NULL)')
 4 SYSTEMPATH\Database\BaseBuilder.php(1904): CodeIgniter\Database\BaseConnection->query('INSERT INTO `juego` (`JUEGO`, `FECHA`, `CATEGORIA`, `DATOS`, `imagen`) VALUES (:JUEGO:, :FECHA:, :CATEGORIA:, :DATOS:, :imagen:)', [...], false)
 5 SYSTEMPATH\Model.php(278): CodeIgniter\Database\BaseBuilder->insert()
 6 SYSTEMPATH\BaseModel.php(738): CodeIgniter\Model->doInsert([...])
 7 SYSTEMPATH\Model.php(666): CodeIgniter\BaseModel->insert([...], true)
 8 APPPATH\Controllers\RestJuegos.php(29): CodeIgniter\Model->insert([...])
 9 SYSTEMPATH\CodeIgniter.php(896): App\Controllers\RestJuegos->create()
10 SYSTEMPATH\CodeIgniter.php(466): CodeIgniter\CodeIgniter->runController(Object(App\Controllers\RestJuegos))
11 SYSTEMPATH\CodeIgniter.php(349): CodeIgniter\CodeIgniter->handleRequest(null, Object(Config\Cache), false)
12 FCPATH\index.php(55): CodeIgniter\CodeIgniter->run()
ERROR - 2022-07-17 19:25:27 --> Column 'JUEGO' cannot be null
CRITICAL - 2022-07-17 19:25:27 --> Column 'JUEGO' cannot be null
in SYSTEMPATH\Database\MySQLi\Connection.php on line 292.
 1 SYSTEMPATH\Database\MySQLi\Connection.php(292): mysqli->query('INSERT INTO `juego` (`JUEGO`, `FECHA`, `CATEGORIA`, `DATOS`, `imagen`) VALUES (NULL, NULL, NULL, NULL, NULL)', 0)
 2 SYSTEMPATH\Database\BaseConnection.php(695): CodeIgniter\Database\MySQLi\Connection->execute('INSERT INTO `juego` (`JUEGO`, `FECHA`, `CATEGORIA`, `DATOS`, `imagen`) VALUES (NULL, NULL, NULL, NULL, NULL)')
 3 SYSTEMPATH\Database\BaseConnection.php(609): CodeIgniter\Database\BaseConnection->simpleQuery('INSERT INTO `juego` (`JUEGO`, `FECHA`, `CATEGORIA`, `DATOS`, `imagen`) VALUES (NULL, NULL, NULL, NULL, NULL)')
 4 SYSTEMPATH\Database\BaseBuilder.php(1904): CodeIgniter\Database\BaseConnection->query('INSERT INTO `juego` (`JUEGO`, `FECHA`, `CATEGORIA`, `DATOS`, `imagen`) VALUES (:JUEGO:, :FECHA:, :CATEGORIA:, :DATOS:, :imagen:)', [...], false)
 5 SYSTEMPATH\Model.php(278): CodeIgniter\Database\BaseBuilder->insert()
 6 SYSTEMPATH\BaseModel.php(738): CodeIgniter\Model->doInsert([...])
 7 SYSTEMPATH\Model.php(666): CodeIgniter\BaseModel->insert([...], true)
 8 APPPATH\Controllers\RestJuegos.php(29): CodeIgniter\Model->insert([...])
 9 SYSTEMPATH\CodeIgniter.php(896): App\Controllers\RestJuegos->create()
10 SYSTEMPATH\CodeIgniter.php(466): CodeIgniter\CodeIgniter->runController(Object(App\Controllers\RestJuegos))
11 SYSTEMPATH\CodeIgniter.php(349): CodeIgniter\CodeIgniter->handleRequest(null, Object(Config\Cache), false)
12 FCPATH\index.php(55): CodeIgniter\CodeIgniter->run()
ERROR - 2022-07-17 19:28:01 --> Column 'JUEGO' cannot be null
CRITICAL - 2022-07-17 19:28:01 --> Column 'JUEGO' cannot be null
in SYSTEMPATH\Database\MySQLi\Connection.php on line 292.
 1 SYSTEMPATH\Database\MySQLi\Connection.php(292): mysqli->query('INSERT INTO `juego` (`JUEGO`, `FECHA`, `CATEGORIA`, `DATOS`, `imagen`) VALUES (NULL, NULL, NULL, NULL, NULL)', 0)
 2 SYSTEMPATH\Database\BaseConnection.php(695): CodeIgniter\Database\MySQLi\Connection->execute('INSERT INTO `juego` (`JUEGO`, `FECHA`, `CATEGORIA`, `DATOS`, `imagen`) VALUES (NULL, NULL, NULL, NULL, NULL)')
 3 SYSTEMPATH\Database\BaseConnection.php(609): CodeIgniter\Database\BaseConnection->simpleQuery('INSERT INTO `juego` (`JUEGO`, `FECHA`, `CATEGORIA`, `DATOS`, `imagen`) VALUES (NULL, NULL, NULL, NULL, NULL)')
 4 SYSTEMPATH\Database\BaseBuilder.php(1904): CodeIgniter\Database\BaseConnection->query('INSERT INTO `juego` (`JUEGO`, `FECHA`, `CATEGORIA`, `DATOS`, `imagen`) VALUES (:JUEGO:, :FECHA:, :CATEGORIA:, :DATOS:, :imagen:)', [...], false)
 5 SYSTEMPATH\Model.php(278): CodeIgniter\Database\BaseBuilder->insert()
 6 SYSTEMPATH\BaseModel.php(738): CodeIgniter\Model->doInsert([...])
 7 SYSTEMPATH\Model.php(666): CodeIgniter\BaseModel->insert([...], true)
 8 APPPATH\Controllers\RestJuegos.php(29): CodeIgniter\Model->insert([...])
 9 SYSTEMPATH\CodeIgniter.php(896): App\Controllers\RestJuegos->create()
10 SYSTEMPATH\CodeIgniter.php(466): CodeIgniter\CodeIgniter->runController(Object(App\Controllers\RestJuegos))
11 SYSTEMPATH\CodeIgniter.php(349): CodeIgniter\CodeIgniter->handleRequest(null, Object(Config\Cache), false)
12 FCPATH\index.php(55): CodeIgniter\CodeIgniter->run()
ERROR - 2022-07-17 19:28:28 --> Column 'JUEGO' cannot be null
CRITICAL - 2022-07-17 19:28:28 --> Column 'JUEGO' cannot be null
in SYSTEMPATH\Database\MySQLi\Connection.php on line 292.
 1 SYSTEMPATH\Database\MySQLi\Connection.php(292): mysqli->query('INSERT INTO `juego` (`JUEGO`, `FECHA`, `CATEGORIA`, `DATOS`, `imagen`) VALUES (NULL, NULL, NULL, NULL, NULL)', 0)
 2 SYSTEMPATH\Database\BaseConnection.php(695): CodeIgniter\Database\MySQLi\Connection->execute('INSERT INTO `juego` (`JUEGO`, `FECHA`, `CATEGORIA`, `DATOS`, `imagen`) VALUES (NULL, NULL, NULL, NULL, NULL)')
 3 SYSTEMPATH\Database\BaseConnection.php(609): CodeIgniter\Database\BaseConnection->simpleQuery('INSERT INTO `juego` (`JUEGO`, `FECHA`, `CATEGORIA`, `DATOS`, `imagen`) VALUES (NULL, NULL, NULL, NULL, NULL)')
 4 SYSTEMPATH\Database\BaseBuilder.php(1904): CodeIgniter\Database\BaseConnection->query('INSERT INTO `juego` (`JUEGO`, `FECHA`, `CATEGORIA`, `DATOS`, `imagen`) VALUES (:JUEGO:, :FECHA:, :CATEGORIA:, :DATOS:, :imagen:)', [...], false)
 5 SYSTEMPATH\Model.php(278): CodeIgniter\Database\BaseBuilder->insert()
 6 SYSTEMPATH\BaseModel.php(738): CodeIgniter\Model->doInsert([...])
 7 SYSTEMPATH\Model.php(666): CodeIgniter\BaseModel->insert([...], true)
 8 APPPATH\Controllers\RestJuegos.php(29): CodeIgniter\Model->insert([...])
 9 SYSTEMPATH\CodeIgniter.php(896): App\Controllers\RestJuegos->create()
10 SYSTEMPATH\CodeIgniter.php(466): CodeIgniter\CodeIgniter->runController(Object(App\Controllers\RestJuegos))
11 SYSTEMPATH\CodeIgniter.php(349): CodeIgniter\CodeIgniter->handleRequest(null, Object(Config\Cache), false)
12 FCPATH\index.php(55): CodeIgniter\CodeIgniter->run()
ERROR - 2022-07-17 19:32:38 --> Column 'JUEGO' cannot be null
CRITICAL - 2022-07-17 19:32:38 --> Column 'JUEGO' cannot be null
in SYSTEMPATH\Database\MySQLi\Connection.php on line 292.
 1 SYSTEMPATH\Database\MySQLi\Connection.php(292): mysqli->query('INSERT INTO `juego` (`JUEGO`, `FECHA`, `CATEGORIA`, `DATOS`, `imagen`) VALUES (NULL, NULL, NULL, NULL, NULL)', 0)
 2 SYSTEMPATH\Database\BaseConnection.php(695): CodeIgniter\Database\MySQLi\Connection->execute('INSERT INTO `juego` (`JUEGO`, `FECHA`, `CATEGORIA`, `DATOS`, `imagen`) VALUES (NULL, NULL, NULL, NULL, NULL)')
 3 SYSTEMPATH\Database\BaseConnection.php(609): CodeIgniter\Database\BaseConnection->simpleQuery('INSERT INTO `juego` (`JUEGO`, `FECHA`, `CATEGORIA`, `DATOS`, `imagen`) VALUES (NULL, NULL, NULL, NULL, NULL)')
 4 SYSTEMPATH\Database\BaseBuilder.php(1904): CodeIgniter\Database\BaseConnection->query('INSERT INTO `juego` (`JUEGO`, `FECHA`, `CATEGORIA`, `DATOS`, `imagen`) VALUES (:JUEGO:, :FECHA:, :CATEGORIA:, :DATOS:, :imagen:)', [...], false)
 5 SYSTEMPATH\Model.php(278): CodeIgniter\Database\BaseBuilder->insert()
 6 SYSTEMPATH\BaseModel.php(738): CodeIgniter\Model->doInsert([...])
 7 SYSTEMPATH\Model.php(666): CodeIgniter\BaseModel->insert([...], true)
 8 APPPATH\Controllers\RestJuegos.php(29): CodeIgniter\Model->insert([...])
 9 SYSTEMPATH\CodeIgniter.php(896): App\Controllers\RestJuegos->create()
10 SYSTEMPATH\CodeIgniter.php(466): CodeIgniter\CodeIgniter->runController(Object(App\Controllers\RestJuegos))
11 SYSTEMPATH\CodeIgniter.php(349): CodeIgniter\CodeIgniter->handleRequest(null, Object(Config\Cache), false)
12 FCPATH\index.php(55): CodeIgniter\CodeIgniter->run()
ERROR - 2022-07-17 19:33:18 --> Column 'JUEGO' cannot be null
CRITICAL - 2022-07-17 19:33:18 --> Column 'JUEGO' cannot be null
in SYSTEMPATH\Database\MySQLi\Connection.php on line 292.
 1 SYSTEMPATH\Database\MySQLi\Connection.php(292): mysqli->query('INSERT INTO `juego` (`JUEGO`, `FECHA`, `CATEGORIA`, `DATOS`, `imagen`) VALUES (NULL, NULL, NULL, NULL, NULL)', 0)
 2 SYSTEMPATH\Database\BaseConnection.php(695): CodeIgniter\Database\MySQLi\Connection->execute('INSERT INTO `juego` (`JUEGO`, `FECHA`, `CATEGORIA`, `DATOS`, `imagen`) VALUES (NULL, NULL, NULL, NULL, NULL)')
 3 SYSTEMPATH\Database\BaseConnection.php(609): CodeIgniter\Database\BaseConnection->simpleQuery('INSERT INTO `juego` (`JUEGO`, `FECHA`, `CATEGORIA`, `DATOS`, `imagen`) VALUES (NULL, NULL, NULL, NULL, NULL)')
 4 SYSTEMPATH\Database\BaseBuilder.php(1904): CodeIgniter\Database\BaseConnection->query('INSERT INTO `juego` (`JUEGO`, `FECHA`, `CATEGORIA`, `DATOS`, `imagen`) VALUES (:JUEGO:, :FECHA:, :CATEGORIA:, :DATOS:, :imagen:)', [...], false)
 5 SYSTEMPATH\Model.php(278): CodeIgniter\Database\BaseBuilder->insert()
 6 SYSTEMPATH\BaseModel.php(738): CodeIgniter\Model->doInsert([...])
 7 SYSTEMPATH\Model.php(666): CodeIgniter\BaseModel->insert([...], true)
 8 APPPATH\Controllers\RestJuegos.php(29): CodeIgniter\Model->insert([...])
 9 SYSTEMPATH\CodeIgniter.php(896): App\Controllers\RestJuegos->create()
10 SYSTEMPATH\CodeIgniter.php(466): CodeIgniter\CodeIgniter->runController(Object(App\Controllers\RestJuegos))
11 SYSTEMPATH\CodeIgniter.php(349): CodeIgniter\CodeIgniter->handleRequest(null, Object(Config\Cache), false)
12 FCPATH\index.php(55): CodeIgniter\CodeIgniter->run()
ERROR - 2022-07-17 19:36:19 --> Column 'JUEGO' cannot be null
CRITICAL - 2022-07-17 19:36:19 --> Column 'JUEGO' cannot be null
in SYSTEMPATH\Database\MySQLi\Connection.php on line 292.
 1 SYSTEMPATH\Database\MySQLi\Connection.php(292): mysqli->query('INSERT INTO `juego` (`JUEGO`, `FECHA`, `CATEGORIA`, `DATOS`, `imagen`) VALUES (NULL, NULL, NULL, NULL, NULL)', 0)
 2 SYSTEMPATH\Database\BaseConnection.php(695): CodeIgniter\Database\MySQLi\Connection->execute('INSERT INTO `juego` (`JUEGO`, `FECHA`, `CATEGORIA`, `DATOS`, `imagen`) VALUES (NULL, NULL, NULL, NULL, NULL)')
 3 SYSTEMPATH\Database\BaseConnection.php(609): CodeIgniter\Database\BaseConnection->simpleQuery('INSERT INTO `juego` (`JUEGO`, `FECHA`, `CATEGORIA`, `DATOS`, `imagen`) VALUES (NULL, NULL, NULL, NULL, NULL)')
 4 SYSTEMPATH\Database\BaseBuilder.php(1904): CodeIgniter\Database\BaseConnection->query('INSERT INTO `juego` (`JUEGO`, `FECHA`, `CATEGORIA`, `DATOS`, `imagen`) VALUES (:JUEGO:, :FECHA:, :CATEGORIA:, :DATOS:, :imagen:)', [...], false)
 5 SYSTEMPATH\Model.php(278): CodeIgniter\Database\BaseBuilder->insert()
 6 SYSTEMPATH\BaseModel.php(738): CodeIgniter\Model->doInsert([...])
 7 SYSTEMPATH\Model.php(666): CodeIgniter\BaseModel->insert([...], true)
 8 APPPATH\Controllers\RestJuegos.php(29): CodeIgniter\Model->insert([...])
 9 SYSTEMPATH\CodeIgniter.php(896): App\Controllers\RestJuegos->create()
10 SYSTEMPATH\CodeIgniter.php(466): CodeIgniter\CodeIgniter->runController(Object(App\Controllers\RestJuegos))
11 SYSTEMPATH\CodeIgniter.php(349): CodeIgniter\CodeIgniter->handleRequest(null, Object(Config\Cache), false)
12 FCPATH\index.php(55): CodeIgniter\CodeIgniter->run()
ERROR - 2022-07-17 19:39:40 --> Column 'JUEGO' cannot be null
CRITICAL - 2022-07-17 19:39:40 --> Column 'JUEGO' cannot be null
in SYSTEMPATH\Database\MySQLi\Connection.php on line 292.
 1 SYSTEMPATH\Database\MySQLi\Connection.php(292): mysqli->query('INSERT INTO `juego` (`JUEGO`, `FECHA`, `CATEGORIA`, `DATOS`, `imagen`) VALUES (NULL, NULL, NULL, NULL, NULL)', 0)
 2 SYSTEMPATH\Database\BaseConnection.php(695): CodeIgniter\Database\MySQLi\Connection->execute('INSERT INTO `juego` (`JUEGO`, `FECHA`, `CATEGORIA`, `DATOS`, `imagen`) VALUES (NULL, NULL, NULL, NULL, NULL)')
 3 SYSTEMPATH\Database\BaseConnection.php(609): CodeIgniter\Database\BaseConnection->simpleQuery('INSERT INTO `juego` (`JUEGO`, `FECHA`, `CATEGORIA`, `DATOS`, `imagen`) VALUES (NULL, NULL, NULL, NULL, NULL)')
 4 SYSTEMPATH\Database\BaseBuilder.php(1904): CodeIgniter\Database\BaseConnection->query('INSERT INTO `juego` (`JUEGO`, `FECHA`, `CATEGORIA`, `DATOS`, `imagen`) VALUES (:JUEGO:, :FECHA:, :CATEGORIA:, :DATOS:, :imagen:)', [...], false)
 5 SYSTEMPATH\Model.php(278): CodeIgniter\Database\BaseBuilder->insert()
 6 SYSTEMPATH\BaseModel.php(738): CodeIgniter\Model->doInsert([...])
 7 SYSTEMPATH\Model.php(666): CodeIgniter\BaseModel->insert([...], true)
 8 APPPATH\Controllers\RestJuegos.php(29): CodeIgniter\Model->insert([...])
 9 SYSTEMPATH\CodeIgniter.php(896): App\Controllers\RestJuegos->create()
10 SYSTEMPATH\CodeIgniter.php(466): CodeIgniter\CodeIgniter->runController(Object(App\Controllers\RestJuegos))
11 SYSTEMPATH\CodeIgniter.php(349): CodeIgniter\CodeIgniter->handleRequest(null, Object(Config\Cache), false)
12 FCPATH\index.php(55): CodeIgniter\CodeIgniter->run()
CRITICAL - 2022-07-17 19:45:52 --> syntax error, unexpected '}', expecting ';' or ','
in APPPATH\Controllers\RestJuegos.php on line 33.
 1 SYSTEMPATH\Autoloader\Autoloader.php(261): CodeIgniter\Autoloader\Autoloader->includeFile('APPPATH\\Controllers\\RestJuegos.php')
 2 SYSTEMPATH\Autoloader\Autoloader.php(239): CodeIgniter\Autoloader\Autoloader->loadInNamespace('App\\Controllers\\RestJuegos')
 3 [internal function]: CodeIgniter\Autoloader\Autoloader->loadClass('App\\Controllers\\RestJuegos')
 4 [internal function]: spl_autoload_call('App\\Controllers\\RestJuegos')
 5 SYSTEMPATH\CodeIgniter.php(846): class_exists('\\App\\Controllers\\RestJuegos', true)
 6 SYSTEMPATH\CodeIgniter.php(453): CodeIgniter\CodeIgniter->startController()
 7 SYSTEMPATH\CodeIgniter.php(349): CodeIgniter\CodeIgniter->handleRequest(null, Object(Config\Cache), false)
 8 FCPATH\index.php(55): CodeIgniter\CodeIgniter->run()
CRITICAL - 2022-07-17 19:46:06 --> syntax error, unexpected '}', expecting ';' or ','
in APPPATH\Controllers\RestJuegos.php on line 33.
 1 SYSTEMPATH\Autoloader\Autoloader.php(261): CodeIgniter\Autoloader\Autoloader->includeFile('APPPATH\\Controllers\\RestJuegos.php')
 2 SYSTEMPATH\Autoloader\Autoloader.php(239): CodeIgniter\Autoloader\Autoloader->loadInNamespace('App\\Controllers\\RestJuegos')
 3 [internal function]: CodeIgniter\Autoloader\Autoloader->loadClass('App\\Controllers\\RestJuegos')
 4 [internal function]: spl_autoload_call('App\\Controllers\\RestJuegos')
 5 SYSTEMPATH\CodeIgniter.php(846): class_exists('\\App\\Controllers\\RestJuegos', true)
 6 SYSTEMPATH\CodeIgniter.php(453): CodeIgniter\CodeIgniter->startController()
 7 SYSTEMPATH\CodeIgniter.php(349): CodeIgniter\CodeIgniter->handleRequest(null, Object(Config\Cache), false)
 8 FCPATH\index.php(55): CodeIgniter\CodeIgniter->run()
CRITICAL - 2022-07-17 19:46:44 --> syntax error, unexpected '}', expecting ';' or ','
in APPPATH\Controllers\RestJuegos.php on line 33.
 1 SYSTEMPATH\Autoloader\Autoloader.php(261): CodeIgniter\Autoloader\Autoloader->includeFile('APPPATH\\Controllers\\RestJuegos.php')
 2 SYSTEMPATH\Autoloader\Autoloader.php(239): CodeIgniter\Autoloader\Autoloader->loadInNamespace('App\\Controllers\\RestJuegos')
 3 [internal function]: CodeIgniter\Autoloader\Autoloader->loadClass('App\\Controllers\\RestJuegos')
 4 [internal function]: spl_autoload_call('App\\Controllers\\RestJuegos')
 5 SYSTEMPATH\CodeIgniter.php(846): class_exists('\\App\\Controllers\\RestJuegos', true)
 6 SYSTEMPATH\CodeIgniter.php(453): CodeIgniter\CodeIgniter->startController()
 7 SYSTEMPATH\CodeIgniter.php(349): CodeIgniter\CodeIgniter->handleRequest(null, Object(Config\Cache), false)
 8 FCPATH\index.php(55): CodeIgniter\CodeIgniter->run()
CRITICAL - 2022-07-17 19:47:08 --> syntax error, unexpected '}', expecting ';' or ','
in APPPATH\Controllers\RestJuegos.php on line 33.
 1 SYSTEMPATH\Autoloader\Autoloader.php(261): CodeIgniter\Autoloader\Autoloader->includeFile('APPPATH\\Controllers\\RestJuegos.php')
 2 SYSTEMPATH\Autoloader\Autoloader.php(239): CodeIgniter\Autoloader\Autoloader->loadInNamespace('App\\Controllers\\RestJuegos')
 3 [internal function]: CodeIgniter\Autoloader\Autoloader->loadClass('App\\Controllers\\RestJuegos')
 4 [internal function]: spl_autoload_call('App\\Controllers\\RestJuegos')
 5 SYSTEMPATH\CodeIgniter.php(846): class_exists('\\App\\Controllers\\RestJuegos', true)
 6 SYSTEMPATH\CodeIgniter.php(453): CodeIgniter\CodeIgniter->startController()
 7 SYSTEMPATH\CodeIgniter.php(349): CodeIgniter\CodeIgniter->handleRequest(null, Object(Config\Cache), false)
 8 FCPATH\index.php(55): CodeIgniter\CodeIgniter->run()
CRITICAL - 2022-07-17 19:47:34 --> syntax error, unexpected '}', expecting ';' or ','
in APPPATH\Controllers\RestJuegos.php on line 33.
 1 SYSTEMPATH\Autoloader\Autoloader.php(261): CodeIgniter\Autoloader\Autoloader->includeFile('APPPATH\\Controllers\\RestJuegos.php')
 2 SYSTEMPATH\Autoloader\Autoloader.php(239): CodeIgniter\Autoloader\Autoloader->loadInNamespace('App\\Controllers\\RestJuegos')
 3 [internal function]: CodeIgniter\Autoloader\Autoloader->loadClass('App\\Controllers\\RestJuegos')
 4 [internal function]: spl_autoload_call('App\\Controllers\\RestJuegos')
 5 SYSTEMPATH\CodeIgniter.php(846): class_exists('\\App\\Controllers\\RestJuegos', true)
 6 SYSTEMPATH\CodeIgniter.php(453): CodeIgniter\CodeIgniter->startController()
 7 SYSTEMPATH\CodeIgniter.php(349): CodeIgniter\CodeIgniter->handleRequest(null, Object(Config\Cache), false)
 8 FCPATH\index.php(55): CodeIgniter\CodeIgniter->run()
CRITICAL - 2022-07-17 19:49:05 --> syntax error, unexpected '}', expecting ';' or ','
in APPPATH\Controllers\RestJuegos.php on line 33.
 1 SYSTEMPATH\Autoloader\Autoloader.php(261): CodeIgniter\Autoloader\Autoloader->includeFile('APPPATH\\Controllers\\RestJuegos.php')
 2 SYSTEMPATH\Autoloader\Autoloader.php(239): CodeIgniter\Autoloader\Autoloader->loadInNamespace('App\\Controllers\\RestJuegos')
 3 [internal function]: CodeIgniter\Autoloader\Autoloader->loadClass('App\\Controllers\\RestJuegos')
 4 [internal function]: spl_autoload_call('App\\Controllers\\RestJuegos')
 5 SYSTEMPATH\CodeIgniter.php(846): class_exists('\\App\\Controllers\\RestJuegos', true)
 6 SYSTEMPATH\CodeIgniter.php(453): CodeIgniter\CodeIgniter->startController()
 7 SYSTEMPATH\CodeIgniter.php(349): CodeIgniter\CodeIgniter->handleRequest(null, Object(Config\Cache), false)
 8 FCPATH\index.php(55): CodeIgniter\CodeIgniter->run()
CRITICAL - 2022-07-17 19:49:46 --> syntax error, unexpected '}', expecting ';' or ','
in APPPATH\Controllers\RestJuegos.php on line 33.
 1 SYSTEMPATH\Autoloader\Autoloader.php(261): CodeIgniter\Autoloader\Autoloader->includeFile('APPPATH\\Controllers\\RestJuegos.php')
 2 SYSTEMPATH\Autoloader\Autoloader.php(239): CodeIgniter\Autoloader\Autoloader->loadInNamespace('App\\Controllers\\RestJuegos')
 3 [internal function]: CodeIgniter\Autoloader\Autoloader->loadClass('App\\Controllers\\RestJuegos')
 4 [internal function]: spl_autoload_call('App\\Controllers\\RestJuegos')
 5 SYSTEMPATH\CodeIgniter.php(846): class_exists('\\App\\Controllers\\RestJuegos', true)
 6 SYSTEMPATH\CodeIgniter.php(453): CodeIgniter\CodeIgniter->startController()
 7 SYSTEMPATH\CodeIgniter.php(349): CodeIgniter\CodeIgniter->handleRequest(null, Object(Config\Cache), false)
 8 FCPATH\index.php(55): CodeIgniter\CodeIgniter->run()
ERROR - 2022-07-17 19:50:08 --> Column 'JUEGO' cannot be null
CRITICAL - 2022-07-17 19:50:08 --> Column 'JUEGO' cannot be null
in SYSTEMPATH\Database\MySQLi\Connection.php on line 292.
 1 SYSTEMPATH\Database\MySQLi\Connection.php(292): mysqli->query('INSERT INTO `juego` (`JUEGO`, `FECHA`, `CATEGORIA`, `DATOS`, `imagen`) VALUES (NULL, NULL, NULL, NULL, NULL)', 0)
 2 SYSTEMPATH\Database\BaseConnection.php(695): CodeIgniter\Database\MySQLi\Connection->execute('INSERT INTO `juego` (`JUEGO`, `FECHA`, `CATEGORIA`, `DATOS`, `imagen`) VALUES (NULL, NULL, NULL, NULL, NULL)')
 3 SYSTEMPATH\Database\BaseConnection.php(609): CodeIgniter\Database\BaseConnection->simpleQuery('INSERT INTO `juego` (`JUEGO`, `FECHA`, `CATEGORIA`, `DATOS`, `imagen`) VALUES (NULL, NULL, NULL, NULL, NULL)')
 4 SYSTEMPATH\Database\BaseBuilder.php(1904): CodeIgniter\Database\BaseConnection->query('INSERT INTO `juego` (`JUEGO`, `FECHA`, `CATEGORIA`, `DATOS`, `imagen`) VALUES (:JUEGO:, :FECHA:, :CATEGORIA:, :DATOS:, :imagen:)', [...], false)
 5 SYSTEMPATH\Model.php(278): CodeIgniter\Database\BaseBuilder->insert()
 6 SYSTEMPATH\BaseModel.php(738): CodeIgniter\Model->doInsert([...])
 7 SYSTEMPATH\Model.php(666): CodeIgniter\BaseModel->insert([...], true)
 8 APPPATH\Controllers\RestJuegos.php(27): CodeIgniter\Model->insert([...])
 9 SYSTEMPATH\CodeIgniter.php(896): App\Controllers\RestJuegos->create()
10 SYSTEMPATH\CodeIgniter.php(466): CodeIgniter\CodeIgniter->runController(Object(App\Controllers\RestJuegos))
11 SYSTEMPATH\CodeIgniter.php(349): CodeIgniter\CodeIgniter->handleRequest(null, Object(Config\Cache), false)
12 FCPATH\index.php(55): CodeIgniter\CodeIgniter->run()
CRITICAL - 2022-07-17 19:54:17 --> Call to undefined method CodeIgniter\HTTP\IncomingRequest::Post()
in APPPATH\Controllers\RestJuegos.php on line 23.
 1 SYSTEMPATH\CodeIgniter.php(896): App\Controllers\RestJuegos->create()
 2 SYSTEMPATH\CodeIgniter.php(466): CodeIgniter\CodeIgniter->runController(Object(App\Controllers\RestJuegos))
 3 SYSTEMPATH\CodeIgniter.php(349): CodeIgniter\CodeIgniter->handleRequest(null, Object(Config\Cache), false)
 4 FCPATH\index.php(55): CodeIgniter\CodeIgniter->run()
ERROR - 2022-07-17 19:59:07 --> Column 'JUEGO' cannot be null
CRITICAL - 2022-07-17 19:59:07 --> Column 'JUEGO' cannot be null
in SYSTEMPATH\Database\MySQLi\Connection.php on line 292.
 1 SYSTEMPATH\Database\MySQLi\Connection.php(292): mysqli->query('INSERT INTO `juego` (`JUEGO`, `FECHA`, `CATEGORIA`, `DATOS`, `imagen`) VALUES (NULL, NULL, NULL, NULL, NULL)', 0)
 2 SYSTEMPATH\Database\BaseConnection.php(695): CodeIgniter\Database\MySQLi\Connection->execute('INSERT INTO `juego` (`JUEGO`, `FECHA`, `CATEGORIA`, `DATOS`, `imagen`) VALUES (NULL, NULL, NULL, NULL, NULL)')
 3 SYSTEMPATH\Database\BaseConnection.php(609): CodeIgniter\Database\BaseConnection->simpleQuery('INSERT INTO `juego` (`JUEGO`, `FECHA`, `CATEGORIA`, `DATOS`, `imagen`) VALUES (NULL, NULL, NULL, NULL, NULL)')
 4 SYSTEMPATH\Database\BaseBuilder.php(1904): CodeIgniter\Database\BaseConnection->query('INSERT INTO `juego` (`JUEGO`, `FECHA`, `CATEGORIA`, `DATOS`, `imagen`) VALUES (:JUEGO:, :FECHA:, :CATEGORIA:, :DATOS:, :imagen:)', [...], false)
 5 SYSTEMPATH\Model.php(278): CodeIgniter\Database\BaseBuilder->insert()
 6 SYSTEMPATH\BaseModel.php(738): CodeIgniter\Model->doInsert([...])
 7 SYSTEMPATH\Model.php(666): CodeIgniter\BaseModel->insert([...], true)
 8 APPPATH\Controllers\RestJuegos.php(27): CodeIgniter\Model->insert([...])
 9 SYSTEMPATH\CodeIgniter.php(896): App\Controllers\RestJuegos->create()
10 SYSTEMPATH\CodeIgniter.php(466): CodeIgniter\CodeIgniter->runController(Object(App\Controllers\RestJuegos))
11 SYSTEMPATH\CodeIgniter.php(349): CodeIgniter\CodeIgniter->handleRequest(null, Object(Config\Cache), false)
12 FCPATH\index.php(55): CodeIgniter\CodeIgniter->run()
CRITICAL - 2022-07-17 20:35:37 --> Declaration of App\Controllers\RestJuegos::update($id) should be compatible with CodeIgniter\RESTful\ResourceController::update($id = NULL)
in APPPATH\Controllers\RestJuegos.php on line 37.
 1 APPPATH\Controllers\RestJuegos.php(7): CodeIgniter\Debug\Exceptions->errorHandler(2, 'Declaration of App\\Controllers\\RestJuegos::update($id) should be compatible with CodeIgniter\\RESTful\\ResourceController::update($id = NULL)', 'APPPATH\\Controllers\\RestJuegos.php', 37, [...])
 2 SYSTEMPATH\Autoloader\Autoloader.php(284): include_once('APPPATH\\Controllers\\RestJuegos.php')
 3 SYSTEMPATH\Autoloader\Autoloader.php(261): CodeIgniter\Autoloader\Autoloader->includeFile('APPPATH\\Controllers\\RestJuegos.php')
 4 SYSTEMPATH\Autoloader\Autoloader.php(239): CodeIgniter\Autoloader\Autoloader->loadInNamespace('App\\Controllers\\RestJuegos')
 5 [internal function]: CodeIgniter\Autoloader\Autoloader->loadClass('App\\Controllers\\RestJuegos')
 6 [internal function]: spl_autoload_call('App\\Controllers\\RestJuegos')
 7 SYSTEMPATH\CodeIgniter.php(846): class_exists('\\App\\Controllers\\RestJuegos', true)
 8 SYSTEMPATH\CodeIgniter.php(453): CodeIgniter\CodeIgniter->startController()
 9 SYSTEMPATH\CodeIgniter.php(349): CodeIgniter\CodeIgniter->handleRequest(null, Object(Config\Cache), false)
10 FCPATH\index.php(55): CodeIgniter\CodeIgniter->run()
CRITICAL - 2022-07-17 20:36:28 --> Declaration of App\Controllers\RestJuegos::update($id) should be compatible with CodeIgniter\RESTful\ResourceController::update($id = NULL)
in APPPATH\Controllers\RestJuegos.php on line 37.
 1 APPPATH\Controllers\RestJuegos.php(7): CodeIgniter\Debug\Exceptions->errorHandler(2, 'Declaration of App\\Controllers\\RestJuegos::update($id) should be compatible with CodeIgniter\\RESTful\\ResourceController::update($id = NULL)', 'APPPATH\\Controllers\\RestJuegos.php', 37, [...])
 2 SYSTEMPATH\Autoloader\Autoloader.php(284): include_once('APPPATH\\Controllers\\RestJuegos.php')
 3 SYSTEMPATH\Autoloader\Autoloader.php(261): CodeIgniter\Autoloader\Autoloader->includeFile('APPPATH\\Controllers\\RestJuegos.php')
 4 SYSTEMPATH\Autoloader\Autoloader.php(239): CodeIgniter\Autoloader\Autoloader->loadInNamespace('App\\Controllers\\RestJuegos')
 5 [internal function]: CodeIgniter\Autoloader\Autoloader->loadClass('App\\Controllers\\RestJuegos')
 6 [internal function]: spl_autoload_call('App\\Controllers\\RestJuegos')
 7 SYSTEMPATH\CodeIgniter.php(846): class_exists('\\App\\Controllers\\RestJuegos', true)
 8 SYSTEMPATH\CodeIgniter.php(453): CodeIgniter\CodeIgniter->startController()
 9 SYSTEMPATH\CodeIgniter.php(349): CodeIgniter\CodeIgniter->handleRequest(null, Object(Config\Cache), false)
10 FCPATH\index.php(55): CodeIgniter\CodeIgniter->run()
CRITICAL - 2022-07-17 20:36:34 --> Declaration of App\Controllers\RestJuegos::update($id) should be compatible with CodeIgniter\RESTful\ResourceController::update($id = NULL)
in APPPATH\Controllers\RestJuegos.php on line 37.
 1 APPPATH\Controllers\RestJuegos.php(7): CodeIgniter\Debug\Exceptions->errorHandler(2, 'Declaration of App\\Controllers\\RestJuegos::update($id) should be compatible with CodeIgniter\\RESTful\\ResourceController::update($id = NULL)', 'APPPATH\\Controllers\\RestJuegos.php', 37, [...])
 2 SYSTEMPATH\Autoloader\Autoloader.php(284): include_once('APPPATH\\Controllers\\RestJuegos.php')
 3 SYSTEMPATH\Autoloader\Autoloader.php(261): CodeIgniter\Autoloader\Autoloader->includeFile('APPPATH\\Controllers\\RestJuegos.php')
 4 SYSTEMPATH\Autoloader\Autoloader.php(239): CodeIgniter\Autoloader\Autoloader->loadInNamespace('App\\Controllers\\RestJuegos')
 5 [internal function]: CodeIgniter\Autoloader\Autoloader->loadClass('App\\Controllers\\RestJuegos')
 6 [internal function]: spl_autoload_call('App\\Controllers\\RestJuegos')
 7 SYSTEMPATH\CodeIgniter.php(846): class_exists('\\App\\Controllers\\RestJuegos', true)
 8 SYSTEMPATH\CodeIgniter.php(453): CodeIgniter\CodeIgniter->startController()
 9 SYSTEMPATH\CodeIgniter.php(349): CodeIgniter\CodeIgniter->handleRequest(null, Object(Config\Cache), false)
10 FCPATH\index.php(55): CodeIgniter\CodeIgniter->run()
CRITICAL - 2022-07-17 20:36:47 --> Declaration of App\Controllers\RestJuegos::update($id) should be compatible with CodeIgniter\RESTful\ResourceController::update($id = NULL)
in APPPATH\Controllers\RestJuegos.php on line 37.
 1 APPPATH\Controllers\RestJuegos.php(7): CodeIgniter\Debug\Exceptions->errorHandler(2, 'Declaration of App\\Controllers\\RestJuegos::update($id) should be compatible with CodeIgniter\\RESTful\\ResourceController::update($id = NULL)', 'APPPATH\\Controllers\\RestJuegos.php', 37, [...])
 2 SYSTEMPATH\Autoloader\Autoloader.php(284): include_once('APPPATH\\Controllers\\RestJuegos.php')
 3 SYSTEMPATH\Autoloader\Autoloader.php(261): CodeIgniter\Autoloader\Autoloader->includeFile('APPPATH\\Controllers\\RestJuegos.php')
 4 SYSTEMPATH\Autoloader\Autoloader.php(239): CodeIgniter\Autoloader\Autoloader->loadInNamespace('App\\Controllers\\RestJuegos')
 5 [internal function]: CodeIgniter\Autoloader\Autoloader->loadClass('App\\Controllers\\RestJuegos')
 6 [internal function]: spl_autoload_call('App\\Controllers\\RestJuegos')
 7 SYSTEMPATH\CodeIgniter.php(846): class_exists('\\App\\Controllers\\RestJuegos', true)
 8 SYSTEMPATH\CodeIgniter.php(453): CodeIgniter\CodeIgniter->startController()
 9 SYSTEMPATH\CodeIgniter.php(349): CodeIgniter\CodeIgniter->handleRequest(null, Object(Config\Cache), false)
10 FCPATH\index.php(55): CodeIgniter\CodeIgniter->run()
CRITICAL - 2022-07-17 20:36:57 --> Declaration of App\Controllers\RestJuegos::update($id) should be compatible with CodeIgniter\RESTful\ResourceController::update($id = NULL)
in APPPATH\Controllers\RestJuegos.php on line 37.
 1 APPPATH\Controllers\RestJuegos.php(7): CodeIgniter\Debug\Exceptions->errorHandler(2, 'Declaration of App\\Controllers\\RestJuegos::update($id) should be compatible with CodeIgniter\\RESTful\\ResourceController::update($id = NULL)', 'APPPATH\\Controllers\\RestJuegos.php', 37, [...])
 2 SYSTEMPATH\Autoloader\Autoloader.php(284): include_once('APPPATH\\Controllers\\RestJuegos.php')
 3 SYSTEMPATH\Autoloader\Autoloader.php(261): CodeIgniter\Autoloader\Autoloader->includeFile('APPPATH\\Controllers\\RestJuegos.php')
 4 SYSTEMPATH\Autoloader\Autoloader.php(239): CodeIgniter\Autoloader\Autoloader->loadInNamespace('App\\Controllers\\RestJuegos')
 5 [internal function]: CodeIgniter\Autoloader\Autoloader->loadClass('App\\Controllers\\RestJuegos')
 6 [internal function]: spl_autoload_call('App\\Controllers\\RestJuegos')
 7 SYSTEMPATH\CodeIgniter.php(846): class_exists('\\App\\Controllers\\RestJuegos', true)
 8 SYSTEMPATH\CodeIgniter.php(453): CodeIgniter\CodeIgniter->startController()
 9 SYSTEMPATH\CodeIgniter.php(349): CodeIgniter\CodeIgniter->handleRequest(null, Object(Config\Cache), false)
10 FCPATH\index.php(55): CodeIgniter\CodeIgniter->run()
CRITICAL - 2022-07-17 20:37:07 --> Declaration of App\Controllers\RestJuegos::update($id) should be compatible with CodeIgniter\RESTful\ResourceController::update($id = NULL)
in APPPATH\Controllers\RestJuegos.php on line 37.
 1 APPPATH\Controllers\RestJuegos.php(7): CodeIgniter\Debug\Exceptions->errorHandler(2, 'Declaration of App\\Controllers\\RestJuegos::update($id) should be compatible with CodeIgniter\\RESTful\\ResourceController::update($id = NULL)', 'APPPATH\\Controllers\\RestJuegos.php', 37, [...])
 2 SYSTEMPATH\Autoloader\Autoloader.php(284): include_once('APPPATH\\Controllers\\RestJuegos.php')
 3 SYSTEMPATH\Autoloader\Autoloader.php(261): CodeIgniter\Autoloader\Autoloader->includeFile('APPPATH\\Controllers\\RestJuegos.php')
 4 SYSTEMPATH\Autoloader\Autoloader.php(239): CodeIgniter\Autoloader\Autoloader->loadInNamespace('App\\Controllers\\RestJuegos')
 5 [internal function]: CodeIgniter\Autoloader\Autoloader->loadClass('App\\Controllers\\RestJuegos')
 6 [internal function]: spl_autoload_call('App\\Controllers\\RestJuegos')
 7 SYSTEMPATH\CodeIgniter.php(846): class_exists('\\App\\Controllers\\RestJuegos', true)
 8 SYSTEMPATH\CodeIgniter.php(453): CodeIgniter\CodeIgniter->startController()
 9 SYSTEMPATH\CodeIgniter.php(349): CodeIgniter\CodeIgniter->handleRequest(null, Object(Config\Cache), false)
10 FCPATH\index.php(55): CodeIgniter\CodeIgniter->run()
CRITICAL - 2022-07-17 20:37:39 --> Declaration of App\Controllers\RestJuegos::update($id) should be compatible with CodeIgniter\RESTful\ResourceController::update($id = NULL)
in APPPATH\Controllers\RestJuegos.php on line 37.
 1 APPPATH\Controllers\RestJuegos.php(7): CodeIgniter\Debug\Exceptions->errorHandler(2, 'Declaration of App\\Controllers\\RestJuegos::update($id) should be compatible with CodeIgniter\\RESTful\\ResourceController::update($id = NULL)', 'APPPATH\\Controllers\\RestJuegos.php', 37, [...])
 2 SYSTEMPATH\Autoloader\Autoloader.php(284): include_once('APPPATH\\Controllers\\RestJuegos.php')
 3 SYSTEMPATH\Autoloader\Autoloader.php(261): CodeIgniter\Autoloader\Autoloader->includeFile('APPPATH\\Controllers\\RestJuegos.php')
 4 SYSTEMPATH\Autoloader\Autoloader.php(239): CodeIgniter\Autoloader\Autoloader->loadInNamespace('App\\Controllers\\RestJuegos')
 5 [internal function]: CodeIgniter\Autoloader\Autoloader->loadClass('App\\Controllers\\RestJuegos')
 6 [internal function]: spl_autoload_call('App\\Controllers\\RestJuegos')
 7 SYSTEMPATH\CodeIgniter.php(846): class_exists('\\App\\Controllers\\RestJuegos', true)
 8 SYSTEMPATH\CodeIgniter.php(453): CodeIgniter\CodeIgniter->startController()
 9 SYSTEMPATH\CodeIgniter.php(349): CodeIgniter\CodeIgniter->handleRequest(null, Object(Config\Cache), false)
10 FCPATH\index.php(55): CodeIgniter\CodeIgniter->run()
CRITICAL - 2022-07-17 20:37:46 --> Declaration of App\Controllers\RestJuegos::update($id) should be compatible with CodeIgniter\RESTful\ResourceController::update($id = NULL)
in APPPATH\Controllers\RestJuegos.php on line 37.
 1 APPPATH\Controllers\RestJuegos.php(7): CodeIgniter\Debug\Exceptions->errorHandler(2, 'Declaration of App\\Controllers\\RestJuegos::update($id) should be compatible with CodeIgniter\\RESTful\\ResourceController::update($id = NULL)', 'APPPATH\\Controllers\\RestJuegos.php', 37, [...])
 2 SYSTEMPATH\Autoloader\Autoloader.php(284): include_once('APPPATH\\Controllers\\RestJuegos.php')
 3 SYSTEMPATH\Autoloader\Autoloader.php(261): CodeIgniter\Autoloader\Autoloader->includeFile('APPPATH\\Controllers\\RestJuegos.php')
 4 SYSTEMPATH\Autoloader\Autoloader.php(239): CodeIgniter\Autoloader\Autoloader->loadInNamespace('App\\Controllers\\RestJuegos')
 5 [internal function]: CodeIgniter\Autoloader\Autoloader->loadClass('App\\Controllers\\RestJuegos')
 6 [internal function]: spl_autoload_call('App\\Controllers\\RestJuegos')
 7 SYSTEMPATH\CodeIgniter.php(846): class_exists('\\App\\Controllers\\RestJuegos', true)
 8 SYSTEMPATH\CodeIgniter.php(453): CodeIgniter\CodeIgniter->startController()
 9 SYSTEMPATH\CodeIgniter.php(349): CodeIgniter\CodeIgniter->handleRequest(null, Object(Config\Cache), false)
10 FCPATH\index.php(55): CodeIgniter\CodeIgniter->run()
CRITICAL - 2022-07-17 20:38:06 --> Declaration of App\Controllers\RestJuegos::update($id) should be compatible with CodeIgniter\RESTful\ResourceController::update($id = NULL)
in APPPATH\Controllers\RestJuegos.php on line 37.
 1 APPPATH\Controllers\RestJuegos.php(7): CodeIgniter\Debug\Exceptions->errorHandler(2, 'Declaration of App\\Controllers\\RestJuegos::update($id) should be compatible with CodeIgniter\\RESTful\\ResourceController::update($id = NULL)', 'APPPATH\\Controllers\\RestJuegos.php', 37, [...])
 2 SYSTEMPATH\Autoloader\Autoloader.php(284): include_once('APPPATH\\Controllers\\RestJuegos.php')
 3 SYSTEMPATH\Autoloader\Autoloader.php(261): CodeIgniter\Autoloader\Autoloader->includeFile('APPPATH\\Controllers\\RestJuegos.php')
 4 SYSTEMPATH\Autoloader\Autoloader.php(239): CodeIgniter\Autoloader\Autoloader->loadInNamespace('App\\Controllers\\RestJuegos')
 5 [internal function]: CodeIgniter\Autoloader\Autoloader->loadClass('App\\Controllers\\RestJuegos')
 6 [internal function]: spl_autoload_call('App\\Controllers\\RestJuegos')
 7 SYSTEMPATH\CodeIgniter.php(846): class_exists('\\App\\Controllers\\RestJuegos', true)
 8 SYSTEMPATH\CodeIgniter.php(453): CodeIgniter\CodeIgniter->startController()
 9 SYSTEMPATH\CodeIgniter.php(349): CodeIgniter\CodeIgniter->handleRequest(null, Object(Config\Cache), false)
10 FCPATH\index.php(55): CodeIgniter\CodeIgniter->run()
CRITICAL - 2022-07-17 20:38:10 --> Declaration of App\Controllers\RestJuegos::update($id) should be compatible with CodeIgniter\RESTful\ResourceController::update($id = NULL)
in APPPATH\Controllers\RestJuegos.php on line 37.
 1 APPPATH\Controllers\RestJuegos.php(7): CodeIgniter\Debug\Exceptions->errorHandler(2, 'Declaration of App\\Controllers\\RestJuegos::update($id) should be compatible with CodeIgniter\\RESTful\\ResourceController::update($id = NULL)', 'APPPATH\\Controllers\\RestJuegos.php', 37, [...])
 2 SYSTEMPATH\Autoloader\Autoloader.php(284): include_once('APPPATH\\Controllers\\RestJuegos.php')
 3 SYSTEMPATH\Autoloader\Autoloader.php(261): CodeIgniter\Autoloader\Autoloader->includeFile('APPPATH\\Controllers\\RestJuegos.php')
 4 SYSTEMPATH\Autoloader\Autoloader.php(239): CodeIgniter\Autoloader\Autoloader->loadInNamespace('App\\Controllers\\RestJuegos')
 5 [internal function]: CodeIgniter\Autoloader\Autoloader->loadClass('App\\Controllers\\RestJuegos')
 6 [internal function]: spl_autoload_call('App\\Controllers\\RestJuegos')
 7 SYSTEMPATH\CodeIgniter.php(846): class_exists('\\App\\Controllers\\RestJuegos', true)
 8 SYSTEMPATH\CodeIgniter.php(453): CodeIgniter\CodeIgniter->startController()
 9 SYSTEMPATH\CodeIgniter.php(349): CodeIgniter\CodeIgniter->handleRequest(null, Object(Config\Cache), false)
10 FCPATH\index.php(55): CodeIgniter\CodeIgniter->run()
CRITICAL - 2022-07-17 20:38:24 --> Declaration of App\Controllers\RestJuegos::update($id) should be compatible with CodeIgniter\RESTful\ResourceController::update($id = NULL)
in APPPATH\Controllers\RestJuegos.php on line 37.
 1 APPPATH\Controllers\RestJuegos.php(7): CodeIgniter\Debug\Exceptions->errorHandler(2, 'Declaration of App\\Controllers\\RestJuegos::update($id) should be compatible with CodeIgniter\\RESTful\\ResourceController::update($id = NULL)', 'APPPATH\\Controllers\\RestJuegos.php', 37, [...])
 2 SYSTEMPATH\Autoloader\Autoloader.php(284): include_once('APPPATH\\Controllers\\RestJuegos.php')
 3 SYSTEMPATH\Autoloader\Autoloader.php(261): CodeIgniter\Autoloader\Autoloader->includeFile('APPPATH\\Controllers\\RestJuegos.php')
 4 SYSTEMPATH\Autoloader\Autoloader.php(239): CodeIgniter\Autoloader\Autoloader->loadInNamespace('App\\Controllers\\RestJuegos')
 5 [internal function]: CodeIgniter\Autoloader\Autoloader->loadClass('App\\Controllers\\RestJuegos')
 6 [internal function]: spl_autoload_call('App\\Controllers\\RestJuegos')
 7 SYSTEMPATH\CodeIgniter.php(846): class_exists('\\App\\Controllers\\RestJuegos', true)
 8 SYSTEMPATH\CodeIgniter.php(453): CodeIgniter\CodeIgniter->startController()
 9 SYSTEMPATH\CodeIgniter.php(349): CodeIgniter\CodeIgniter->handleRequest(null, Object(Config\Cache), false)
10 FCPATH\index.php(55): CodeIgniter\CodeIgniter->run()
CRITICAL - 2022-07-17 20:38:38 --> Declaration of App\Controllers\RestJuegos::update($id) should be compatible with CodeIgniter\RESTful\ResourceController::update($id = NULL)
in APPPATH\Controllers\RestJuegos.php on line 37.
 1 APPPATH\Controllers\RestJuegos.php(7): CodeIgniter\Debug\Exceptions->errorHandler(2, 'Declaration of App\\Controllers\\RestJuegos::update($id) should be compatible with CodeIgniter\\RESTful\\ResourceController::update($id = NULL)', 'APPPATH\\Controllers\\RestJuegos.php', 37, [...])
 2 SYSTEMPATH\Autoloader\Autoloader.php(284): include_once('APPPATH\\Controllers\\RestJuegos.php')
 3 SYSTEMPATH\Autoloader\Autoloader.php(261): CodeIgniter\Autoloader\Autoloader->includeFile('APPPATH\\Controllers\\RestJuegos.php')
 4 SYSTEMPATH\Autoloader\Autoloader.php(239): CodeIgniter\Autoloader\Autoloader->loadInNamespace('App\\Controllers\\RestJuegos')
 5 [internal function]: CodeIgniter\Autoloader\Autoloader->loadClass('App\\Controllers\\RestJuegos')
 6 [internal function]: spl_autoload_call('App\\Controllers\\RestJuegos')
 7 SYSTEMPATH\CodeIgniter.php(846): class_exists('\\App\\Controllers\\RestJuegos', true)
 8 SYSTEMPATH\CodeIgniter.php(453): CodeIgniter\CodeIgniter->startController()
 9 SYSTEMPATH\CodeIgniter.php(349): CodeIgniter\CodeIgniter->handleRequest(null, Object(Config\Cache), false)
10 FCPATH\index.php(55): CodeIgniter\CodeIgniter->run()
