CRITICAL - 2022-06-15 19:05:38 --> Cannot declare class App\Controllers\Usuarios because the name is already in use
in APPPATH\Controllers\Usuarios.php on line 6.
 1 [internal function]: CodeIgniter\Debug\Exceptions->shutdownHandler()
CRITICAL - 2022-06-15 19:06:53 --> require(C:\xampp\htdocs\codeIgniter\app\Config/Routes.php): failed to open stream: No such file or directory
in SYSTEMPATH\CodeIgniter.php on line 760.
 1 SYSTEMPATH\CodeIgniter.php(760): CodeIgniter\Debug\Exceptions->errorHandler(2, 'require(C:\\xampp\\htdocs\\codeIgniter\\app\\Config/Routes.php): failed to open stream: No such file or directory', 'SYSTEMPATH\\CodeIgniter.php', 760, [...])
 2 SYSTEMPATH\CodeIgniter.php(760): require()
 3 SYSTEMPATH\CodeIgniter.php(417): CodeIgniter\CodeIgniter->tryToRouteIt(null)
 4 SYSTEMPATH\CodeIgniter.php(351): CodeIgniter\CodeIgniter->handleRequest(null, Object(Config\Cache), false)
 5 FCPATH\index.php(55): CodeIgniter\CodeIgniter->run()
CRITICAL - 2022-06-15 19:06:57 --> require(C:\xampp\htdocs\codeIgniter\app\Config/Routes.php): failed to open stream: No such file or directory
in SYSTEMPATH\CodeIgniter.php on line 760.
 1 SYSTEMPATH\CodeIgniter.php(760): CodeIgniter\Debug\Exceptions->errorHandler(2, 'require(C:\\xampp\\htdocs\\codeIgniter\\app\\Config/Routes.php): failed to open stream: No such file or directory', 'SYSTEMPATH\\CodeIgniter.php', 760, [...])
 2 SYSTEMPATH\CodeIgniter.php(760): require()
 3 SYSTEMPATH\CodeIgniter.php(417): CodeIgniter\CodeIgniter->tryToRouteIt(null)
 4 SYSTEMPATH\CodeIgniter.php(351): CodeIgniter\CodeIgniter->handleRequest(null, Object(Config\Cache), false)
 5 FCPATH\index.php(55): CodeIgniter\CodeIgniter->run()
CRITICAL - 2022-06-15 19:07:05 --> require(C:\xampp\htdocs\codeIgniter\app\Config/Routes.php): failed to open stream: No such file or directory
in SYSTEMPATH\CodeIgniter.php on line 760.
 1 SYSTEMPATH\CodeIgniter.php(760): CodeIgniter\Debug\Exceptions->errorHandler(2, 'require(C:\\xampp\\htdocs\\codeIgniter\\app\\Config/Routes.php): failed to open stream: No such file or directory', 'SYSTEMPATH\\CodeIgniter.php', 760, [...])
 2 SYSTEMPATH\CodeIgniter.php(760): require()
 3 SYSTEMPATH\CodeIgniter.php(417): CodeIgniter\CodeIgniter->tryToRouteIt(null)
 4 SYSTEMPATH\CodeIgniter.php(351): CodeIgniter\CodeIgniter->handleRequest(null, Object(Config\Cache), false)
 5 FCPATH\index.php(55): CodeIgniter\CodeIgniter->run()
CRITICAL - 2022-06-15 19:07:13 --> require(C:\xampp\htdocs\codeIgniter\app\Config/Routes.php): failed to open stream: No such file or directory
in SYSTEMPATH\CodeIgniter.php on line 760.
 1 SYSTEMPATH\CodeIgniter.php(760): CodeIgniter\Debug\Exceptions->errorHandler(2, 'require(C:\\xampp\\htdocs\\codeIgniter\\app\\Config/Routes.php): failed to open stream: No such file or directory', 'SYSTEMPATH\\CodeIgniter.php', 760, [...])
 2 SYSTEMPATH\CodeIgniter.php(760): require()
 3 SYSTEMPATH\CodeIgniter.php(417): CodeIgniter\CodeIgniter->tryToRouteIt(null)
 4 SYSTEMPATH\CodeIgniter.php(351): CodeIgniter\CodeIgniter->handleRequest(null, Object(Config\Cache), false)
 5 FCPATH\index.php(55): CodeIgniter\CodeIgniter->run()
CRITICAL - 2022-06-15 19:18:08 --> Cannot declare class App\Controllers\Usuario because the name is already in use
in APPPATH\Controllers\Usuarios.php on line 7.
 1 [internal function]: CodeIgniter\Debug\Exceptions->shutdownHandler()
CRITICAL - 2022-06-15 19:19:22 --> Cannot declare class App\Controllers\Usuario because the name is already in use
in APPPATH\Controllers\Usuarios.php on line 7.
 1 [internal function]: CodeIgniter\Debug\Exceptions->shutdownHandler()
CRITICAL - 2022-06-15 19:19:31 --> Cannot declare class App\Controllers\Usuario because the name is already in use
in APPPATH\Controllers\Usuarios.php on line 7.
 1 [internal function]: CodeIgniter\Debug\Exceptions->shutdownHandler()
CRITICAL - 2022-06-15 20:34:08 --> syntax error, unexpected '$juego' (T_VARIABLE), expecting function (T_FUNCTION) or const (T_CONST)
in APPPATH\Controllers\Juegos.php on line 7.
 1 SYSTEMPATH\Autoloader\Autoloader.php(261): CodeIgniter\Autoloader\Autoloader->includeFile('APPPATH\\Controllers\\Juegos.php')
 2 SYSTEMPATH\Autoloader\Autoloader.php(239): CodeIgniter\Autoloader\Autoloader->loadInNamespace('App\\Controllers\\Juegos')
 3 [internal function]: CodeIgniter\Autoloader\Autoloader->loadClass('App\\Controllers\\Juegos')
 4 [internal function]: spl_autoload_call('App\\Controllers\\Juegos')
 5 SYSTEMPATH\CodeIgniter.php(848): class_exists('\\App\\Controllers\\Juegos', true)
 6 SYSTEMPATH\CodeIgniter.php(455): CodeIgniter\CodeIgniter->startController()
 7 SYSTEMPATH\CodeIgniter.php(351): CodeIgniter\CodeIgniter->handleRequest(null, Object(Config\Cache), false)
 8 FCPATH\index.php(55): CodeIgniter\CodeIgniter->run()
CRITICAL - 2022-06-15 20:34:39 --> syntax error, unexpected '$juego' (T_VARIABLE), expecting function (T_FUNCTION) or const (T_CONST)
in APPPATH\Controllers\Juegos.php on line 7.
 1 SYSTEMPATH\Autoloader\Autoloader.php(261): CodeIgniter\Autoloader\Autoloader->includeFile('APPPATH\\Controllers\\Juegos.php')
 2 SYSTEMPATH\Autoloader\Autoloader.php(239): CodeIgniter\Autoloader\Autoloader->loadInNamespace('App\\Controllers\\Juegos')
 3 [internal function]: CodeIgniter\Autoloader\Autoloader->loadClass('App\\Controllers\\Juegos')
 4 [internal function]: spl_autoload_call('App\\Controllers\\Juegos')
 5 SYSTEMPATH\CodeIgniter.php(848): class_exists('\\App\\Controllers\\Juegos', true)
 6 SYSTEMPATH\CodeIgniter.php(455): CodeIgniter\CodeIgniter->startController()
 7 SYSTEMPATH\CodeIgniter.php(351): CodeIgniter\CodeIgniter->handleRequest(null, Object(Config\Cache), false)
 8 FCPATH\index.php(55): CodeIgniter\CodeIgniter->run()
CRITICAL - 2022-06-15 20:35:08 --> syntax error, unexpected '$juego' (T_VARIABLE), expecting function (T_FUNCTION) or const (T_CONST)
in APPPATH\Controllers\Juegos.php on line 7.
 1 SYSTEMPATH\Autoloader\Autoloader.php(261): CodeIgniter\Autoloader\Autoloader->includeFile('APPPATH\\Controllers\\Juegos.php')
 2 SYSTEMPATH\Autoloader\Autoloader.php(239): CodeIgniter\Autoloader\Autoloader->loadInNamespace('App\\Controllers\\Juegos')
 3 [internal function]: CodeIgniter\Autoloader\Autoloader->loadClass('App\\Controllers\\Juegos')
 4 [internal function]: spl_autoload_call('App\\Controllers\\Juegos')
 5 SYSTEMPATH\CodeIgniter.php(848): class_exists('\\App\\Controllers\\Juegos', true)
 6 SYSTEMPATH\CodeIgniter.php(455): CodeIgniter\CodeIgniter->startController()
 7 SYSTEMPATH\CodeIgniter.php(351): CodeIgniter\CodeIgniter->handleRequest(null, Object(Config\Cache), false)
 8 FCPATH\index.php(55): CodeIgniter\CodeIgniter->run()
CRITICAL - 2022-06-15 20:36:01 --> syntax error, unexpected '$juego' (T_VARIABLE), expecting function (T_FUNCTION) or const (T_CONST)
in APPPATH\Controllers\Juegos.php on line 7.
 1 SYSTEMPATH\Autoloader\Autoloader.php(261): CodeIgniter\Autoloader\Autoloader->includeFile('APPPATH\\Controllers\\Juegos.php')
 2 SYSTEMPATH\Autoloader\Autoloader.php(239): CodeIgniter\Autoloader\Autoloader->loadInNamespace('App\\Controllers\\Juegos')
 3 [internal function]: CodeIgniter\Autoloader\Autoloader->loadClass('App\\Controllers\\Juegos')
 4 [internal function]: spl_autoload_call('App\\Controllers\\Juegos')
 5 SYSTEMPATH\CodeIgniter.php(848): class_exists('\\App\\Controllers\\Juegos', true)
 6 SYSTEMPATH\CodeIgniter.php(455): CodeIgniter\CodeIgniter->startController()
 7 SYSTEMPATH\CodeIgniter.php(351): CodeIgniter\CodeIgniter->handleRequest(null, Object(Config\Cache), false)
 8 FCPATH\index.php(55): CodeIgniter\CodeIgniter->run()
CRITICAL - 2022-06-15 20:36:52 --> syntax error, unexpected '$juego' (T_VARIABLE), expecting function (T_FUNCTION) or const (T_CONST)
in APPPATH\Controllers\Juegos.php on line 7.
 1 SYSTEMPATH\Autoloader\Autoloader.php(261): CodeIgniter\Autoloader\Autoloader->includeFile('APPPATH\\Controllers\\Juegos.php')
 2 SYSTEMPATH\Autoloader\Autoloader.php(239): CodeIgniter\Autoloader\Autoloader->loadInNamespace('App\\Controllers\\Juegos')
 3 [internal function]: CodeIgniter\Autoloader\Autoloader->loadClass('App\\Controllers\\Juegos')
 4 [internal function]: spl_autoload_call('App\\Controllers\\Juegos')
 5 SYSTEMPATH\CodeIgniter.php(848): class_exists('\\App\\Controllers\\Juegos', true)
 6 SYSTEMPATH\CodeIgniter.php(455): CodeIgniter\CodeIgniter->startController()
 7 SYSTEMPATH\CodeIgniter.php(351): CodeIgniter\CodeIgniter->handleRequest(null, Object(Config\Cache), false)
 8 FCPATH\index.php(55): CodeIgniter\CodeIgniter->run()
CRITICAL - 2022-06-15 20:38:16 --> syntax error, unexpected '$juego' (T_VARIABLE), expecting function (T_FUNCTION) or const (T_CONST)
in APPPATH\Controllers\Juegos.php on line 7.
 1 SYSTEMPATH\Autoloader\Autoloader.php(261): CodeIgniter\Autoloader\Autoloader->includeFile('APPPATH\\Controllers\\Juegos.php')
 2 SYSTEMPATH\Autoloader\Autoloader.php(239): CodeIgniter\Autoloader\Autoloader->loadInNamespace('App\\Controllers\\Juegos')
 3 [internal function]: CodeIgniter\Autoloader\Autoloader->loadClass('App\\Controllers\\Juegos')
 4 [internal function]: spl_autoload_call('App\\Controllers\\Juegos')
 5 SYSTEMPATH\CodeIgniter.php(848): class_exists('\\App\\Controllers\\Juegos', true)
 6 SYSTEMPATH\CodeIgniter.php(455): CodeIgniter\CodeIgniter->startController()
 7 SYSTEMPATH\CodeIgniter.php(351): CodeIgniter\CodeIgniter->handleRequest(null, Object(Config\Cache), false)
 8 FCPATH\index.php(55): CodeIgniter\CodeIgniter->run()
CRITICAL - 2022-06-15 20:41:46 --> syntax error, unexpected '[', expecting ';' or ','
in APPPATH\Models\Juego.php on line 11.
 1 SYSTEMPATH\Autoloader\Autoloader.php(261): CodeIgniter\Autoloader\Autoloader->includeFile('APPPATH\\Models\\Juego.php')
 2 SYSTEMPATH\Autoloader\Autoloader.php(239): CodeIgniter\Autoloader\Autoloader->loadInNamespace('App\\Models\\Juego')
 3 [internal function]: CodeIgniter\Autoloader\Autoloader->loadClass('App\\Models\\Juego')
 4 APPPATH\Controllers\Juegos.php(10): spl_autoload_call('App\\Models\\Juego')
 5 SYSTEMPATH\CodeIgniter.php(898): App\Controllers\Juegos->index()
 6 SYSTEMPATH\CodeIgniter.php(468): CodeIgniter\CodeIgniter->runController(Object(App\Controllers\Juegos))
 7 SYSTEMPATH\CodeIgniter.php(351): CodeIgniter\CodeIgniter->handleRequest(null, Object(Config\Cache), false)
 8 FCPATH\index.php(55): CodeIgniter\CodeIgniter->run()
CRITICAL - 2022-06-15 20:43:41 --> syntax error, unexpected '[', expecting ';' or ','
in APPPATH\Models\Juego.php on line 10.
 1 SYSTEMPATH\Autoloader\Autoloader.php(261): CodeIgniter\Autoloader\Autoloader->includeFile('APPPATH\\Models\\Juego.php')
 2 SYSTEMPATH\Autoloader\Autoloader.php(239): CodeIgniter\Autoloader\Autoloader->loadInNamespace('App\\Models\\Juego')
 3 [internal function]: CodeIgniter\Autoloader\Autoloader->loadClass('App\\Models\\Juego')
 4 APPPATH\Controllers\Juegos.php(10): spl_autoload_call('App\\Models\\Juego')
 5 SYSTEMPATH\CodeIgniter.php(898): App\Controllers\Juegos->index()
 6 SYSTEMPATH\CodeIgniter.php(468): CodeIgniter\CodeIgniter->runController(Object(App\Controllers\Juegos))
 7 SYSTEMPATH\CodeIgniter.php(351): CodeIgniter\CodeIgniter->handleRequest(null, Object(Config\Cache), false)
 8 FCPATH\index.php(55): CodeIgniter\CodeIgniter->run()
CRITICAL - 2022-06-15 20:44:41 --> syntax error, unexpected '[', expecting ';' or ','
in APPPATH\Models\Juego.php on line 10.
 1 SYSTEMPATH\Autoloader\Autoloader.php(261): CodeIgniter\Autoloader\Autoloader->includeFile('APPPATH\\Models\\Juego.php')
 2 SYSTEMPATH\Autoloader\Autoloader.php(239): CodeIgniter\Autoloader\Autoloader->loadInNamespace('App\\Models\\Juego')
 3 [internal function]: CodeIgniter\Autoloader\Autoloader->loadClass('App\\Models\\Juego')
 4 APPPATH\Controllers\Juegos.php(10): spl_autoload_call('App\\Models\\Juego')
 5 SYSTEMPATH\CodeIgniter.php(898): App\Controllers\Juegos->index()
 6 SYSTEMPATH\CodeIgniter.php(468): CodeIgniter\CodeIgniter->runController(Object(App\Controllers\Juegos))
 7 SYSTEMPATH\CodeIgniter.php(351): CodeIgniter\CodeIgniter->handleRequest(null, Object(Config\Cache), false)
 8 FCPATH\index.php(55): CodeIgniter\CodeIgniter->run()
CRITICAL - 2022-06-15 20:45:15 --> syntax error, unexpected '[', expecting ';' or ','
in APPPATH\Models\Juego.php on line 10.
 1 SYSTEMPATH\Autoloader\Autoloader.php(261): CodeIgniter\Autoloader\Autoloader->includeFile('APPPATH\\Models\\Juego.php')
 2 SYSTEMPATH\Autoloader\Autoloader.php(239): CodeIgniter\Autoloader\Autoloader->loadInNamespace('App\\Models\\Juego')
 3 [internal function]: CodeIgniter\Autoloader\Autoloader->loadClass('App\\Models\\Juego')
 4 APPPATH\Controllers\Juegos.php(10): spl_autoload_call('App\\Models\\Juego')
 5 SYSTEMPATH\CodeIgniter.php(898): App\Controllers\Juegos->index()
 6 SYSTEMPATH\CodeIgniter.php(468): CodeIgniter\CodeIgniter->runController(Object(App\Controllers\Juegos))
 7 SYSTEMPATH\CodeIgniter.php(351): CodeIgniter\CodeIgniter->handleRequest(null, Object(Config\Cache), false)
 8 FCPATH\index.php(55): CodeIgniter\CodeIgniter->run()
CRITICAL - 2022-06-15 20:46:39 --> syntax error, unexpected '[', expecting ';' or ','
in APPPATH\Models\Juego.php on line 10.
 1 SYSTEMPATH\Autoloader\Autoloader.php(261): CodeIgniter\Autoloader\Autoloader->includeFile('APPPATH\\Models\\Juego.php')
 2 SYSTEMPATH\Autoloader\Autoloader.php(239): CodeIgniter\Autoloader\Autoloader->loadInNamespace('App\\Models\\Juego')
 3 [internal function]: CodeIgniter\Autoloader\Autoloader->loadClass('App\\Models\\Juego')
 4 APPPATH\Controllers\Juegos.php(10): spl_autoload_call('App\\Models\\Juego')
 5 SYSTEMPATH\CodeIgniter.php(898): App\Controllers\Juegos->index()
 6 SYSTEMPATH\CodeIgniter.php(468): CodeIgniter\CodeIgniter->runController(Object(App\Controllers\Juegos))
 7 SYSTEMPATH\CodeIgniter.php(351): CodeIgniter\CodeIgniter->handleRequest(null, Object(Config\Cache), false)
 8 FCPATH\index.php(55): CodeIgniter\CodeIgniter->run()
CRITICAL - 2022-06-15 20:46:56 --> syntax error, unexpected '[', expecting ';' or ','
in APPPATH\Models\Juego.php on line 10.
 1 SYSTEMPATH\Autoloader\Autoloader.php(261): CodeIgniter\Autoloader\Autoloader->includeFile('APPPATH\\Models\\Juego.php')
 2 SYSTEMPATH\Autoloader\Autoloader.php(239): CodeIgniter\Autoloader\Autoloader->loadInNamespace('App\\Models\\Juego')
 3 [internal function]: CodeIgniter\Autoloader\Autoloader->loadClass('App\\Models\\Juego')
 4 APPPATH\Controllers\Juegos.php(10): spl_autoload_call('App\\Models\\Juego')
 5 SYSTEMPATH\CodeIgniter.php(898): App\Controllers\Juegos->index()
 6 SYSTEMPATH\CodeIgniter.php(468): CodeIgniter\CodeIgniter->runController(Object(App\Controllers\Juegos))
 7 SYSTEMPATH\CodeIgniter.php(351): CodeIgniter\CodeIgniter->handleRequest(null, Object(Config\Cache), false)
 8 FCPATH\index.php(55): CodeIgniter\CodeIgniter->run()
CRITICAL - 2022-06-15 20:47:07 --> syntax error, unexpected '[', expecting ';' or ','
in APPPATH\Models\Juego.php on line 10.
 1 SYSTEMPATH\Autoloader\Autoloader.php(261): CodeIgniter\Autoloader\Autoloader->includeFile('APPPATH\\Models\\Juego.php')
 2 SYSTEMPATH\Autoloader\Autoloader.php(239): CodeIgniter\Autoloader\Autoloader->loadInNamespace('App\\Models\\Juego')
 3 [internal function]: CodeIgniter\Autoloader\Autoloader->loadClass('App\\Models\\Juego')
 4 APPPATH\Controllers\Juegos.php(10): spl_autoload_call('App\\Models\\Juego')
 5 SYSTEMPATH\CodeIgniter.php(898): App\Controllers\Juegos->index()
 6 SYSTEMPATH\CodeIgniter.php(468): CodeIgniter\CodeIgniter->runController(Object(App\Controllers\Juegos))
 7 SYSTEMPATH\CodeIgniter.php(351): CodeIgniter\CodeIgniter->handleRequest(null, Object(Config\Cache), false)
 8 FCPATH\index.php(55): CodeIgniter\CodeIgniter->run()
CRITICAL - 2022-06-15 20:57:02 --> syntax error, unexpected 'endforeach' (T_ENDFOREACH), expecting end of file
in APPPATH\Views\verJuegos.php on line 18.
 1 SYSTEMPATH\View\View.php(216): CodeIgniter\View\View->CodeIgniter\View\{closure}()
 2 SYSTEMPATH\Common.php(1135): CodeIgniter\View\View->render('verJuegos', [], true)
 3 APPPATH\Controllers\Juegos.php(12): view('verJuegos', [...])
 4 SYSTEMPATH\CodeIgniter.php(898): App\Controllers\Juegos->index()
 5 SYSTEMPATH\CodeIgniter.php(468): CodeIgniter\CodeIgniter->runController(Object(App\Controllers\Juegos))
 6 SYSTEMPATH\CodeIgniter.php(351): CodeIgniter\CodeIgniter->handleRequest(null, Object(Config\Cache), false)
 7 FCPATH\index.php(55): CodeIgniter\CodeIgniter->run()
CRITICAL - 2022-06-15 20:59:21 --> syntax error, unexpected 'endforeach' (T_ENDFOREACH), expecting end of file
in APPPATH\Views\verJuegos.php on line 32.
 1 SYSTEMPATH\View\View.php(216): CodeIgniter\View\View->CodeIgniter\View\{closure}()
 2 SYSTEMPATH\Common.php(1135): CodeIgniter\View\View->render('verJuegos', [], true)
 3 APPPATH\Controllers\Juegos.php(12): view('verJuegos', [...])
 4 SYSTEMPATH\CodeIgniter.php(898): App\Controllers\Juegos->index()
 5 SYSTEMPATH\CodeIgniter.php(468): CodeIgniter\CodeIgniter->runController(Object(App\Controllers\Juegos))
 6 SYSTEMPATH\CodeIgniter.php(351): CodeIgniter\CodeIgniter->handleRequest(null, Object(Config\Cache), false)
 7 FCPATH\index.php(55): CodeIgniter\CodeIgniter->run()
CRITICAL - 2022-06-15 21:00:23 --> syntax error, unexpected 'endforeach' (T_ENDFOREACH), expecting end of file
in APPPATH\Views\verJuegos.php on line 47.
 1 SYSTEMPATH\View\View.php(216): CodeIgniter\View\View->CodeIgniter\View\{closure}()
 2 SYSTEMPATH\Common.php(1135): CodeIgniter\View\View->render('verJuegos', [], true)
 3 APPPATH\Controllers\Juegos.php(12): view('verJuegos', [...])
 4 SYSTEMPATH\CodeIgniter.php(898): App\Controllers\Juegos->index()
 5 SYSTEMPATH\CodeIgniter.php(468): CodeIgniter\CodeIgniter->runController(Object(App\Controllers\Juegos))
 6 SYSTEMPATH\CodeIgniter.php(351): CodeIgniter\CodeIgniter->handleRequest(null, Object(Config\Cache), false)
 7 FCPATH\index.php(55): CodeIgniter\CodeIgniter->run()
CRITICAL - 2022-06-15 21:00:33 --> syntax error, unexpected 'endforeach' (T_ENDFOREACH), expecting end of file
in APPPATH\Views\verJuegos.php on line 47.
 1 SYSTEMPATH\View\View.php(216): CodeIgniter\View\View->CodeIgniter\View\{closure}()
 2 SYSTEMPATH\Common.php(1135): CodeIgniter\View\View->render('verJuegos', [], true)
 3 APPPATH\Controllers\Juegos.php(12): view('verJuegos', [...])
 4 SYSTEMPATH\CodeIgniter.php(898): App\Controllers\Juegos->index()
 5 SYSTEMPATH\CodeIgniter.php(468): CodeIgniter\CodeIgniter->runController(Object(App\Controllers\Juegos))
 6 SYSTEMPATH\CodeIgniter.php(351): CodeIgniter\CodeIgniter->handleRequest(null, Object(Config\Cache), false)
 7 FCPATH\index.php(55): CodeIgniter\CodeIgniter->run()
CRITICAL - 2022-06-15 21:01:27 --> syntax error, unexpected 'endforeach' (T_ENDFOREACH), expecting end of file
in APPPATH\Views\verJuegos.php on line 47.
 1 SYSTEMPATH\View\View.php(216): CodeIgniter\View\View->CodeIgniter\View\{closure}()
 2 SYSTEMPATH\Common.php(1135): CodeIgniter\View\View->render('verJuegos', [], true)
 3 APPPATH\Controllers\Juegos.php(12): view('verJuegos', [...])
 4 SYSTEMPATH\CodeIgniter.php(898): App\Controllers\Juegos->index()
 5 SYSTEMPATH\CodeIgniter.php(468): CodeIgniter\CodeIgniter->runController(Object(App\Controllers\Juegos))
 6 SYSTEMPATH\CodeIgniter.php(351): CodeIgniter\CodeIgniter->handleRequest(null, Object(Config\Cache), false)
 7 FCPATH\index.php(55): CodeIgniter\CodeIgniter->run()
CRITICAL - 2022-06-15 21:02:27 --> syntax error, unexpected '(', expecting ';'
in APPPATH\Views\verJuegos.php on line 47.
 1 SYSTEMPATH\View\View.php(216): CodeIgniter\View\View->CodeIgniter\View\{closure}()
 2 SYSTEMPATH\Common.php(1135): CodeIgniter\View\View->render('verJuegos', [], true)
 3 APPPATH\Controllers\Juegos.php(12): view('verJuegos', [...])
 4 SYSTEMPATH\CodeIgniter.php(898): App\Controllers\Juegos->index()
 5 SYSTEMPATH\CodeIgniter.php(468): CodeIgniter\CodeIgniter->runController(Object(App\Controllers\Juegos))
 6 SYSTEMPATH\CodeIgniter.php(351): CodeIgniter\CodeIgniter->handleRequest(null, Object(Config\Cache), false)
 7 FCPATH\index.php(55): CodeIgniter\CodeIgniter->run()
CRITICAL - 2022-06-15 21:04:47 --> syntax error, unexpected '$usuario' (T_VARIABLE), expecting function (T_FUNCTION) or const (T_CONST)
in APPPATH\Controllers\Usuarios.php on line 9.
 1 SYSTEMPATH\Autoloader\Autoloader.php(261): CodeIgniter\Autoloader\Autoloader->includeFile('APPPATH\\Controllers\\Usuarios.php')
 2 SYSTEMPATH\Autoloader\Autoloader.php(239): CodeIgniter\Autoloader\Autoloader->loadInNamespace('App\\Controllers\\Usuarios')
 3 [internal function]: CodeIgniter\Autoloader\Autoloader->loadClass('App\\Controllers\\Usuarios')
 4 [internal function]: spl_autoload_call('App\\Controllers\\Usuarios')
 5 SYSTEMPATH\CodeIgniter.php(848): class_exists('\\App\\Controllers\\Usuarios', true)
 6 SYSTEMPATH\CodeIgniter.php(455): CodeIgniter\CodeIgniter->startController()
 7 SYSTEMPATH\CodeIgniter.php(351): CodeIgniter\CodeIgniter->handleRequest(null, Object(Config\Cache), false)
 8 FCPATH\index.php(55): CodeIgniter\CodeIgniter->run()
CRITICAL - 2022-06-15 21:24:52 --> Invalid file: verJuegos/cargar.php
in SYSTEMPATH\Exceptions\FrameworkException.php on line 33.
 1 SYSTEMPATH\View\View.php(201): CodeIgniter\Exceptions\FrameworkException::forInvalidFile('verJuegos/cargar.php')
 2 SYSTEMPATH\Common.php(1135): CodeIgniter\View\View->render('verJuegos/cargar', [], true)
 3 APPPATH\Controllers\Juegos.php(18): view('verJuegos/cargar')
 4 SYSTEMPATH\CodeIgniter.php(898): App\Controllers\Juegos->cargar()
 5 SYSTEMPATH\CodeIgniter.php(468): CodeIgniter\CodeIgniter->runController(Object(App\Controllers\Juegos))
 6 SYSTEMPATH\CodeIgniter.php(351): CodeIgniter\CodeIgniter->handleRequest(null, Object(Config\Cache), false)
 7 FCPATH\index.php(55): CodeIgniter\CodeIgniter->run()
CRITICAL - 2022-06-15 21:25:57 --> Invalid file: verJuegos/cargar.php
in SYSTEMPATH\Exceptions\FrameworkException.php on line 33.
 1 SYSTEMPATH\View\View.php(201): CodeIgniter\Exceptions\FrameworkException::forInvalidFile('verJuegos/cargar.php')
 2 SYSTEMPATH\Common.php(1135): CodeIgniter\View\View->render('verJuegos/cargar', [], true)
 3 APPPATH\Controllers\Juegos.php(18): view('verJuegos/cargar')
 4 SYSTEMPATH\CodeIgniter.php(898): App\Controllers\Juegos->cargar()
 5 SYSTEMPATH\CodeIgniter.php(468): CodeIgniter\CodeIgniter->runController(Object(App\Controllers\Juegos))
 6 SYSTEMPATH\CodeIgniter.php(351): CodeIgniter\CodeIgniter->handleRequest(null, Object(Config\Cache), false)
 7 FCPATH\index.php(55): CodeIgniter\CodeIgniter->run()
CRITICAL - 2022-06-15 21:26:21 --> Invalid file: cargar.php
in SYSTEMPATH\Exceptions\FrameworkException.php on line 33.
 1 SYSTEMPATH\View\View.php(201): CodeIgniter\Exceptions\FrameworkException::forInvalidFile('cargar.php')
 2 SYSTEMPATH\Common.php(1135): CodeIgniter\View\View->render('cargar', [], true)
 3 APPPATH\Controllers\Juegos.php(18): view('cargar')
 4 SYSTEMPATH\CodeIgniter.php(898): App\Controllers\Juegos->cargar()
 5 SYSTEMPATH\CodeIgniter.php(468): CodeIgniter\CodeIgniter->runController(Object(App\Controllers\Juegos))
 6 SYSTEMPATH\CodeIgniter.php(351): CodeIgniter\CodeIgniter->handleRequest(null, Object(Config\Cache), false)
 7 FCPATH\index.php(55): CodeIgniter\CodeIgniter->run()
CRITICAL - 2022-06-15 21:28:47 --> Invalid file: cargar.php
in SYSTEMPATH\Exceptions\FrameworkException.php on line 33.
 1 SYSTEMPATH\View\View.php(201): CodeIgniter\Exceptions\FrameworkException::forInvalidFile('cargar.php')
 2 SYSTEMPATH\Common.php(1135): CodeIgniter\View\View->render('cargar', [], true)
 3 APPPATH\Controllers\Juegos.php(18): view('cargar')
 4 SYSTEMPATH\CodeIgniter.php(898): App\Controllers\Juegos->cargar()
 5 SYSTEMPATH\CodeIgniter.php(468): CodeIgniter\CodeIgniter->runController(Object(App\Controllers\Juegos))
 6 SYSTEMPATH\CodeIgniter.php(351): CodeIgniter\CodeIgniter->handleRequest(null, Object(Config\Cache), false)
 7 FCPATH\index.php(55): CodeIgniter\CodeIgniter->run()
CRITICAL - 2022-06-15 21:30:12 --> Invalid file: cargar.php
in SYSTEMPATH\Exceptions\FrameworkException.php on line 33.
 1 SYSTEMPATH\View\View.php(201): CodeIgniter\Exceptions\FrameworkException::forInvalidFile('cargar.php')
 2 SYSTEMPATH\Common.php(1135): CodeIgniter\View\View->render('cargar', [], true)
 3 APPPATH\Controllers\Juegos.php(18): view('cargar')
 4 SYSTEMPATH\CodeIgniter.php(898): App\Controllers\Juegos->cargar()
 5 SYSTEMPATH\CodeIgniter.php(468): CodeIgniter\CodeIgniter->runController(Object(App\Controllers\Juegos))
 6 SYSTEMPATH\CodeIgniter.php(351): CodeIgniter\CodeIgniter->handleRequest(null, Object(Config\Cache), false)
 7 FCPATH\index.php(55): CodeIgniter\CodeIgniter->run()
CRITICAL - 2022-06-15 22:18:00 --> print_r() expects at least 1 parameter, 0 given
in APPPATH\Controllers\Juegos.php on line 30.
 1 [internal function]: CodeIgniter\Debug\Exceptions->errorHandler(2, 'print_r() expects at least 1 parameter, 0 given', 'APPPATH\\Controllers\\Juegos.php', 30, [...])
 2 APPPATH\Controllers\Juegos.php(30): print_r()
 3 SYSTEMPATH\CodeIgniter.php(898): App\Controllers\Juegos->guardar()
 4 SYSTEMPATH\CodeIgniter.php(468): CodeIgniter\CodeIgniter->runController(Object(App\Controllers\Juegos))
 5 SYSTEMPATH\CodeIgniter.php(351): CodeIgniter\CodeIgniter->handleRequest(null, Object(Config\Cache), false)
 6 FCPATH\index.php(55): CodeIgniter\CodeIgniter->run()
CRITICAL - 2022-06-15 22:38:12 --> syntax error, unexpected ';', expecting ')'
in APPPATH\Views\verJuegos.php on line 43.
 1 SYSTEMPATH\View\View.php(216): CodeIgniter\View\View->CodeIgniter\View\{closure}()
 2 SYSTEMPATH\Common.php(1135): CodeIgniter\View\View->render('verJuegos', [], true)
 3 APPPATH\Controllers\Juegos.php(14): view('verJuegos', [...])
 4 SYSTEMPATH\CodeIgniter.php(898): App\Controllers\Juegos->index()
 5 SYSTEMPATH\CodeIgniter.php(468): CodeIgniter\CodeIgniter->runController(Object(App\Controllers\Juegos))
 6 SYSTEMPATH\CodeIgniter.php(351): CodeIgniter\CodeIgniter->handleRequest(null, Object(Config\Cache), false)
 7 FCPATH\index.php(55): CodeIgniter\CodeIgniter->run()
CRITICAL - 2022-06-15 22:38:30 --> syntax error, unexpected 'echo' (T_ECHO)
in APPPATH\Views\verJuegos.php on line 43.
 1 SYSTEMPATH\View\View.php(216): CodeIgniter\View\View->CodeIgniter\View\{closure}()
 2 SYSTEMPATH\Common.php(1135): CodeIgniter\View\View->render('verJuegos', [], true)
 3 APPPATH\Controllers\Juegos.php(14): view('verJuegos', [...])
 4 SYSTEMPATH\CodeIgniter.php(898): App\Controllers\Juegos->index()
 5 SYSTEMPATH\CodeIgniter.php(468): CodeIgniter\CodeIgniter->runController(Object(App\Controllers\Juegos))
 6 SYSTEMPATH\CodeIgniter.php(351): CodeIgniter\CodeIgniter->handleRequest(null, Object(Config\Cache), false)
 7 FCPATH\index.php(55): CodeIgniter\CodeIgniter->run()
