CRITICAL - 2022-06-20 21:46:58 --> syntax error, unexpected '=', expecting end of file
in APPPATH\Views\sesion.php on line 7.
 1 SYSTEMPATH\View\View.php(216): CodeIgniter\View\View->CodeIgniter\View\{closure}()
 2 SYSTEMPATH\Common.php(1135): CodeIgniter\View\View->render('sesion', [], true)
 3 APPPATH\Controllers\Usuarios.php(16): view('sesion')
 4 SYSTEMPATH\CodeIgniter.php(898): App\Controllers\Usuarios->index()
 5 SYSTEMPATH\CodeIgniter.php(468): CodeIgniter\CodeIgniter->runController(Object(App\Controllers\Usuarios))
 6 SYSTEMPATH\CodeIgniter.php(351): CodeIgniter\CodeIgniter->handleRequest(null, Object(Config\Cache), false)
 7 FCPATH\index.php(55): CodeIgniter\CodeIgniter->run()
CRITICAL - 2022-06-20 21:48:20 --> syntax error, unexpected '=', expecting end of file
in APPPATH\Views\sesion.php on line 7.
 1 SYSTEMPATH\View\View.php(216): CodeIgniter\View\View->CodeIgniter\View\{closure}()
 2 SYSTEMPATH\Common.php(1135): CodeIgniter\View\View->render('sesion', [], true)
 3 APPPATH\Controllers\Usuarios.php(16): view('sesion')
 4 SYSTEMPATH\CodeIgniter.php(898): App\Controllers\Usuarios->index()
 5 SYSTEMPATH\CodeIgniter.php(468): CodeIgniter\CodeIgniter->runController(Object(App\Controllers\Usuarios))
 6 SYSTEMPATH\CodeIgniter.php(351): CodeIgniter\CodeIgniter->handleRequest(null, Object(Config\Cache), false)
 7 FCPATH\index.php(55): CodeIgniter\CodeIgniter->run()
CRITICAL - 2022-06-20 21:48:54 --> syntax error, unexpected '=', expecting end of file
in APPPATH\Views\sesion.php on line 7.
 1 SYSTEMPATH\View\View.php(216): CodeIgniter\View\View->CodeIgniter\View\{closure}()
 2 SYSTEMPATH\Common.php(1135): CodeIgniter\View\View->render('sesion', [], true)
 3 APPPATH\Controllers\Usuarios.php(16): view('sesion')
 4 SYSTEMPATH\CodeIgniter.php(898): App\Controllers\Usuarios->index()
 5 SYSTEMPATH\CodeIgniter.php(468): CodeIgniter\CodeIgniter->runController(Object(App\Controllers\Usuarios))
 6 SYSTEMPATH\CodeIgniter.php(351): CodeIgniter\CodeIgniter->handleRequest(null, Object(Config\Cache), false)
 7 FCPATH\index.php(55): CodeIgniter\CodeIgniter->run()
CRITICAL - 2022-06-20 21:49:06 --> syntax error, unexpected '=', expecting end of file
in APPPATH\Views\sesion.php on line 7.
 1 SYSTEMPATH\View\View.php(216): CodeIgniter\View\View->CodeIgniter\View\{closure}()
 2 SYSTEMPATH\Common.php(1135): CodeIgniter\View\View->render('sesion', [], true)
 3 APPPATH\Controllers\Usuarios.php(16): view('sesion')
 4 SYSTEMPATH\CodeIgniter.php(898): App\Controllers\Usuarios->index()
 5 SYSTEMPATH\CodeIgniter.php(468): CodeIgniter\CodeIgniter->runController(Object(App\Controllers\Usuarios))
 6 SYSTEMPATH\CodeIgniter.php(351): CodeIgniter\CodeIgniter->handleRequest(null, Object(Config\Cache), false)
 7 FCPATH\index.php(55): CodeIgniter\CodeIgniter->run()
